BEGIN;
BEGIN
EXPLAIN (ANALYZE, BUFFERS)
select
	l_shipmode,
	sum(case
		when o_orderpriority = '1-URGENT'
			or o_orderpriority = '2-HIGH'
			then 1
		else 0
	end) as high_line_count,
	sum(case
		when o_orderpriority <> '1-URGENT'
			and o_orderpriority <> '2-HIGH'
			then 1
		else 0
	end) as low_line_count
from
	orders,
	lineitem
where
	o_orderkey = l_orderkey
	and l_shipmode in ('REG AIR', 'MAIL')
	and l_commitdate < l_receiptdate
	and l_shipdate < l_commitdate
	and l_receiptdate >= date '1995-01-01'
	and l_receiptdate < date '1995-01-01' + interval '1 year'
group by
	l_shipmode
order by
	l_shipmode;
                                                                                                                              QUERY PLAN                                                                                                                               
-----------------------------------------------------------------------------------------------------------------------------------------------------------------------------------------------------------------------------------------------------------------------
 Sort  (cost=3022836.04..3022836.05 rows=1 width=27) (actual time=35462.772..35462.772 rows=2 loops=1)
   Sort Key: lineitem.l_shipmode
   Sort Method: quicksort  Memory: 25kB
   Buffers: shared hit=716428 read=603575
   ->  HashAggregate  (cost=3022836.02..3022836.03 rows=1 width=27) (actual time=35462.692..35462.693 rows=2 loops=1)
         Group Key: lineitem.l_shipmode
         Buffers: shared hit=716423 read=603575
         ->  Hash Join  (cost=591359.14..3017818.16 rows=286735 width=27) (actual time=9745.752..35137.342 rows=312602 loops=1)
               Hash Cond: (lineitem.l_orderkey = orders.o_orderkey)
               Buffers: shared hit=716423 read=603575
               ->  Seq Scan on lineitem  (cost=0.00..2417498.55 rows=286735 width=15) (actual time=0.442..24998.887 rows=312602 loops=1)
                     Filter: ((l_shipmode = ANY ('{"REG AIR",MAIL}'::bpchar[])) AND (l_commitdate < l_receiptdate) AND (l_shipdate < l_commitdate) AND (l_receiptdate >= '1995-01-01'::date) AND (l_receiptdate < '1996-01-01 00:00:00'::timestamp without time zone))
                     Rows Removed by Filter: 59733067
                     Buffers: shared hit=594244 read=472229
               ->  Hash  (cost=403671.84..403671.84 rows=15014984 width=20) (actual time=9700.002..9700.002 rows=15015000 loops=1)
                     Buckets: 16777216  Batches: 1  Memory Usage: 893553kB
                     Buffers: shared hit=122176 read=131346
                     ->  Seq Scan on orders  (cost=0.00..403671.84 rows=15014984 width=20) (actual time=0.006..4993.599 rows=15015000 loops=1)
                           Buffers: shared hit=122176 read=131346
 Planning time: 4.143 ms
 Execution time: 35467.172 ms
(21 rows)

COMMIT;
COMMIT
