BEGIN;
BEGIN
EXPLAIN (ANALYZE, BUFFERS)
select
	c_custkey,
	c_name,
	sum(l_extendedprice * (1 - l_discount)) as revenue,
	c_acctbal,
	n_name,
	c_address,
	c_phone,
	c_comment
from
	customer,
	orders,
	lineitem,
	nation
where
	c_custkey = o_custkey
	and l_orderkey = o_orderkey
	and o_orderdate >= date '1994-08-01'
	and o_orderdate < cast(date '1994-08-01' + interval '3 month' as date)
	and l_returnflag = 'R'
	and c_nationkey = n_nationkey
group by
	c_custkey,
	c_name,
	c_acctbal,
	c_phone,
	n_name,
	c_address,
	c_comment
order by
	revenue desc
LIMIT 20;
                                                                                               QUERY PLAN                                                                                                
---------------------------------------------------------------------------------------------------------------------------------------------------------------------------------------------------------
 Limit  (cost=2293508.51..2293508.56 rows=20 width=176) (actual time=30200.611..30200.617 rows=20 loops=1)
   Buffers: shared hit=716401 read=650737 dirtied=1839 written=775
   ->  Sort  (cost=2293508.51..2294937.39 rows=571554 width=176) (actual time=30200.607..30200.610 rows=20 loops=1)
         Sort Key: (sum((lineitem.l_extendedprice * (1::double precision - lineitem.l_discount))))
         Sort Method: top-N heapsort  Memory: 30kB
         Buffers: shared hit=716401 read=650737 dirtied=1839 written=775
         ->  HashAggregate  (cost=2272584.12..2278299.66 rows=571554 width=176) (actual time=29846.828..30061.769 rows=381540 loops=1)
               Group Key: customer.c_custkey, customer.c_name, customer.c_acctbal, customer.c_phone, nation.n_name, customer.c_address, customer.c_comment
               Buffers: shared hit=716398 read=650737 dirtied=1839 written=775
               ->  Hash Join  (cost=346735.29..2258295.27 rows=571554 width=176) (actual time=6104.117..27887.746 rows=1146655 loops=1)
                     Hash Cond: (customer.c_nationkey = nation.n_nationkey)
                     Buffers: shared hit=716398 read=650737 dirtied=1839 written=775
                     ->  Hash Join  (cost=346733.72..2250434.84 rows=571554 width=154) (actual time=6104.089..27474.277 rows=1146655 loops=1)
                           Hash Cond: (orders.o_custkey = customer.c_custkey)
                           Buffers: shared hit=716397 read=650737 dirtied=1839 written=775
                           ->  Hash Join  (cost=277705.72..2172833.53 rows=571554 width=12) (actual time=4745.865..25425.220 rows=1146655 loops=1)
                                 Hash Cond: (lineitem.l_orderkey = orders.o_orderkey)
                                 Buffers: shared hit=681119 read=650737 dirtied=1839 written=775
                                 ->  Seq Scan on lineitem  (cost=0.00..1833349.69 rows=14950022 width=12) (actual time=0.015..17667.737 rows=14822772 loops=1)
                                       Filter: (l_returnflag = 'R'::bpchar)
                                       Rows Removed by Filter: 45221404
                                       Buffers: shared hit=425315 read=650729 dirtied=1587 written=775
                                 ->  Hash  (cost=270465.75..270465.75 rows=579198 width=8) (actual time=4742.521..4742.521 rows=573798 loops=1)
                                       Buckets: 1048576  Batches: 1  Memory Usage: 30606kB
                                       Buffers: shared hit=255804 read=8 dirtied=252
                                       ->  Bitmap Heap Scan on orders  (cost=5976.78..270465.75 rows=579198 width=8) (actual time=27.832..4571.494 rows=573798 loops=1)
                                             Recheck Cond: ((o_orderdate >= '1994-08-01'::date) AND (o_orderdate < '1994-11-01'::date))
                                             Rows Removed by Index Recheck: 14441202
                                             Heap Blocks: lossy=255801
                                             Buffers: shared hit=255804 read=8 dirtied=252
                                             ->  Bitmap Index Scan on orders_o_orderdate_o_orderkey_brin_idx  (cost=0.00..5831.98 rows=579198 width=0) (actual time=27.667..27.667 rows=2558720 loops=1)
                                                   Index Cond: ((o_orderdate >= '1994-08-01'::date) AND (o_orderdate < '1994-11-01'::date))
                                                   Buffers: shared hit=3 read=8
                           ->  Hash  (cost=50278.00..50278.00 rows=1500000 width=146) (actual time=1351.982..1351.982 rows=1500000 loops=1)
                                 Buckets: 2097152  Batches: 1  Memory Usage: 281501kB
                                 Buffers: shared hit=35278
                                 ->  Seq Scan on customer  (cost=0.00..50278.00 rows=1500000 width=146) (actual time=0.009..559.486 rows=1500000 loops=1)
                                       Buffers: shared hit=35278
                     ->  Hash  (cost=1.25..1.25 rows=25 width=30) (actual time=0.018..0.018 rows=25 loops=1)
                           Buckets: 1024  Batches: 1  Memory Usage: 10kB
                           Buffers: shared hit=1
                           ->  Seq Scan on nation  (cost=0.00..1.25 rows=25 width=30) (actual time=0.005..0.008 rows=25 loops=1)
                                 Buffers: shared hit=1
 Planning time: 3.865 ms
 Execution time: 30209.573 ms
(45 rows)

COMMIT;
COMMIT
