BEGIN;
BEGIN
EXPLAIN (ANALYZE, BUFFERS)
select
	l_shipmode,
	sum(case
		when o_orderpriority = '1-URGENT'
			or o_orderpriority = '2-HIGH'
			then 1
		else 0
	end) as high_line_count,
	sum(case
		when o_orderpriority <> '1-URGENT'
			and o_orderpriority <> '2-HIGH'
			then 1
		else 0
	end) as low_line_count
from
	orders,
	lineitem
where
	o_orderkey = l_orderkey
	and l_shipmode in ('TRUCK', 'MAIL')
	and l_commitdate < l_receiptdate
	and l_shipdate < l_commitdate
	and l_receiptdate >= date '1996-01-01'
	and l_receiptdate < date '1996-01-01' + interval '1 year'
group by
	l_shipmode
order by
	l_shipmode;
                                                                                                                            QUERY PLAN                                                                                                                             
-------------------------------------------------------------------------------------------------------------------------------------------------------------------------------------------------------------------------------------------------------------------
 Sort  (cost=3053194.99..3053195.00 rows=1 width=27) (actual time=32080.643..32080.643 rows=2 loops=1)
   Sort Key: lineitem.l_shipmode
   Sort Method: quicksort  Memory: 25kB
   Buffers: shared hit=1298296 read=34883 written=22
   ->  HashAggregate  (cost=3053194.97..3053194.98 rows=1 width=27) (actual time=32080.590..32080.592 rows=2 loops=1)
         Group Key: lineitem.l_shipmode
         Buffers: shared hit=1298291 read=34883 written=22
         ->  Hash Join  (cost=597265.22..3048060.49 rows=293399 width=27) (actual time=8683.430..31801.555 rows=312313 loops=1)
               Hash Cond: (lineitem.l_orderkey = orders.o_orderkey)
               Buffers: shared hit=1298291 read=34883 written=22
               ->  Seq Scan on lineitem  (cost=0.00..2441626.55 rows=293399 width=15) (actual time=0.053..22845.161 rows=312313 loops=1)
                     Filter: ((l_shipmode = ANY ('{TRUCK,MAIL}'::bpchar[])) AND (l_commitdate < l_receiptdate) AND (l_shipdate < l_commitdate) AND (l_receiptdate >= '1996-01-01'::date) AND (l_receiptdate < '1997-01-01 00:00:00'::timestamp without time zone))
                     Rows Removed by Filter: 59672513
                     Buffers: shared hit=1055522 read=21595 written=5
               ->  Hash  (cost=407703.43..407703.43 rows=15164943 width=20) (actual time=8629.103..8629.103 rows=15000000 loops=1)
                     Buckets: 16777216  Batches: 1  Memory Usage: 892791kB
                     Buffers: shared hit=242766 read=13288 written=17
                     ->  Seq Scan on orders  (cost=0.00..407703.43 rows=15164943 width=20) (actual time=0.012..4089.112 rows=15000000 loops=1)
                           Buffers: shared hit=242766 read=13288 written=17
 Planning time: 2.457 ms
 Execution time: 32086.634 ms
(21 rows)

COMMIT;
COMMIT
