BEGIN;
BEGIN
EXPLAIN (ANALYZE, BUFFERS)
select
	c_custkey,
	c_name,
	sum(l_extendedprice * (1 - l_discount)) as revenue,
	c_acctbal,
	n_name,
	c_address,
	c_phone,
	c_comment
from
	customer,
	orders,
	lineitem,
	nation
where
	c_custkey = o_custkey
	and l_orderkey = o_orderkey
	and o_orderdate >= date '1993-06-01'
	and o_orderdate < cast(date '1993-06-01' + interval '3 month' as date)
	and l_returnflag = 'R'
	and c_nationkey = n_nationkey
group by
	c_custkey,
	c_name,
	c_acctbal,
	c_phone,
	n_name,
	c_address,
	c_comment
order by
	revenue desc
LIMIT 20;
                                                                                               QUERY PLAN                                                                                                
---------------------------------------------------------------------------------------------------------------------------------------------------------------------------------------------------------
 Limit  (cost=2291640.39..2291640.44 rows=20 width=176) (actual time=30990.744..30990.750 rows=20 loops=1)
   Buffers: shared hit=1010331 read=355483 dirtied=88 written=34
   ->  Sort  (cost=2291640.39..2293074.06 rows=573468 width=176) (actual time=30990.741..30990.742 rows=20 loops=1)
         Sort Key: (sum((lineitem.l_extendedprice * (1::double precision - lineitem.l_discount))))
         Sort Method: top-N heapsort  Memory: 30kB
         Buffers: shared hit=1010331 read=355483 dirtied=88 written=34
         ->  HashAggregate  (cost=2270645.94..2276380.62 rows=573468 width=176) (actual time=30644.225..30852.573 rows=381241 loops=1)
               Group Key: customer.c_custkey, customer.c_name, customer.c_acctbal, customer.c_phone, nation.n_name, customer.c_address, customer.c_comment
               Buffers: shared hit=1010328 read=355483 dirtied=88 written=34
               ->  Hash Join  (cost=346555.63..2256309.24 rows=573468 width=176) (actual time=7101.797..28690.134 rows=1146395 loops=1)
                     Hash Cond: (customer.c_nationkey = nation.n_nationkey)
                     Buffers: shared hit=1010328 read=355483 dirtied=88 written=34
                     ->  Hash Join  (cost=346554.07..2248422.49 rows=573468 width=154) (actual time=7101.768..28287.844 rows=1146395 loops=1)
                           Hash Cond: (orders.o_custkey = customer.c_custkey)
                           Buffers: shared hit=1010327 read=355483 dirtied=88 written=34
                           ->  Hash Join  (cost=277526.07..2170792.47 rows=573468 width=12) (actual time=5458.768..25820.441 rows=1146395 loops=1)
                                 Hash Cond: (lineitem.l_orderkey = orders.o_orderkey)
                                 Buffers: shared hit=1010325 read=320207 dirtied=88 written=34
                                 ->  Seq Scan on lineitem  (cost=0.00..1831524.94 rows=14935142 width=12) (actual time=0.018..17267.414 rows=14807964 loops=1)
                                       Filter: (l_returnflag = 'R'::bpchar)
                                       Rows Removed by Filter: 45175958
                                       Buffers: shared hit=778803 read=296170 written=34
                                 ->  Hash  (cost=270261.81..270261.81 rows=581141 width=8) (actual time=5454.266..5454.266 rows=573702 loops=1)
                                       Buckets: 1048576  Batches: 1  Memory Usage: 30603kB
                                       Buffers: shared hit=231522 read=24037 dirtied=88
                                       ->  Bitmap Heap Scan on orders  (cost=5996.69..270261.81 rows=581141 width=8) (actual time=27.765..5260.425 rows=573702 loops=1)
                                             Recheck Cond: ((o_orderdate >= '1993-06-01'::date) AND (o_orderdate < '1993-09-01'::date))
                                             Rows Removed by Index Recheck: 14426298
                                             Heap Blocks: lossy=255548
                                             Buffers: shared hit=231522 read=24037 dirtied=88
                                             ->  Bitmap Index Scan on orders_o_orderdate_o_orderkey_brin_idx  (cost=0.00..5851.41 rows=581141 width=0) (actual time=27.597..27.597 rows=2556160 loops=1)
                                                   Index Cond: ((o_orderdate >= '1993-06-01'::date) AND (o_orderdate < '1993-09-01'::date))
                                                   Buffers: shared hit=3 read=8
                           ->  Hash  (cost=50278.00..50278.00 rows=1500000 width=146) (actual time=1634.166..1634.166 rows=1500000 loops=1)
                                 Buckets: 2097152  Batches: 1  Memory Usage: 281501kB
                                 Buffers: shared hit=2 read=35276
                                 ->  Seq Scan on customer  (cost=0.00..50278.00 rows=1500000 width=146) (actual time=0.009..783.381 rows=1500000 loops=1)
                                       Buffers: shared hit=2 read=35276
                     ->  Hash  (cost=1.25..1.25 rows=25 width=30) (actual time=0.019..0.019 rows=25 loops=1)
                           Buckets: 1024  Batches: 1  Memory Usage: 10kB
                           Buffers: shared hit=1
                           ->  Seq Scan on nation  (cost=0.00..1.25 rows=25 width=30) (actual time=0.004..0.009 rows=25 loops=1)
                                 Buffers: shared hit=1
 Planning time: 4.152 ms
 Execution time: 31000.375 ms
(45 rows)

COMMIT;
COMMIT
