BEGIN;
BEGIN
EXPLAIN (ANALYZE, BUFFERS)
select
	l_shipmode,
	sum(case
		when o_orderpriority = '1-URGENT'
			or o_orderpriority = '2-HIGH'
			then 1
		else 0
	end) as high_line_count,
	sum(case
		when o_orderpriority <> '1-URGENT'
			and o_orderpriority <> '2-HIGH'
			then 1
		else 0
	end) as low_line_count
from
	orders,
	lineitem
where
	o_orderkey = l_orderkey
	and l_shipmode in ('RAIL', 'FOB')
	and l_commitdate < l_receiptdate
	and l_shipdate < l_commitdate
	and l_receiptdate >= date '1996-01-01'
	and l_receiptdate < date '1996-01-01' + interval '1 year'
group by
	l_shipmode
order by
	l_shipmode;
                                                                                                                           QUERY PLAN                                                                                                                            
-----------------------------------------------------------------------------------------------------------------------------------------------------------------------------------------------------------------------------------------------------------------
 Sort  (cost=3032219.59..3032219.60 rows=1 width=27) (actual time=33956.773..33956.773 rows=2 loops=1)
   Sort Key: lineitem.l_shipmode
   Sort Method: quicksort  Memory: 25kB
   Buffers: shared hit=641838 read=682115 written=2924
   ->  HashAggregate  (cost=3032219.57..3032219.58 rows=1 width=27) (actual time=33956.724..33956.724 rows=2 loops=1)
         Group Key: lineitem.l_shipmode
         Buffers: shared hit=641833 read=682115 written=2924
         ->  Hash Join  (cost=593129.56..3027065.40 rows=294524 width=27) (actual time=9199.261..33626.945 rows=312251 loops=1)
               Hash Cond: (lineitem.l_orderkey = orders.o_orderkey)
               Buffers: shared hit=641833 read=682115 written=2924
               ->  Seq Scan on lineitem  (cost=0.00..2424731.97 rows=294524 width=15) (actual time=0.046..24113.769 rows=312251 loops=1)
                     Filter: ((l_shipmode = ANY ('{RAIL,FOB}'::bpchar[])) AND (l_commitdate < l_receiptdate) AND (l_shipdate < l_commitdate) AND (l_receiptdate >= '1996-01-01'::date) AND (l_receiptdate < '1997-01-01 00:00:00'::timestamp without time zone))
                     Rows Removed by Filter: 59673530
                     Buffers: shared hit=406173 read=663491
               ->  Hash  (cost=404880.36..404880.36 rows=15059936 width=20) (actual time=9153.807..9153.807 rows=15000000 loops=1)
                     Buckets: 16777216  Batches: 1  Memory Usage: 892791kB
                     Buffers: shared hit=235657 read=18624 written=2924
                     ->  Seq Scan on orders  (cost=0.00..404880.36 rows=15059936 width=20) (actual time=0.011..4745.035 rows=15000000 loops=1)
                           Buffers: shared hit=235657 read=18624 written=2924
 Planning time: 2.121 ms
 Execution time: 33961.012 ms
(21 rows)

COMMIT;
COMMIT
