BEGIN;
BEGIN
EXPLAIN (ANALYZE, BUFFERS)
select
	s_name,
	count(*) as numwait
from
	supplier,
	lineitem l1,
	orders,
	nation
where
	s_suppkey = l1.l_suppkey
	and o_orderkey = l1.l_orderkey
	and o_orderstatus = 'F'
	and l1.l_receiptdate > l1.l_commitdate
	and exists (
		select
			*
		from
			lineitem l2
		where
			l2.l_orderkey = l1.l_orderkey
			and l2.l_suppkey <> l1.l_suppkey
	)
	and not exists (
		select
			*
		from
			lineitem l3
		where
			l3.l_orderkey = l1.l_orderkey
			and l3.l_suppkey <> l1.l_suppkey
			and l3.l_receiptdate > l3.l_commitdate
	)
	and s_nationkey = n_nationkey
	and n_name = 'EGYPT'
group by
	s_name
order by
	numwait desc,
	s_name
LIMIT 100;
                                                                                                  QUERY PLAN                                                                                                  
--------------------------------------------------------------------------------------------------------------------------------------------------------------------------------------------------------------
 Limit  (cost=2848595.11..2848595.11 rows=1 width=26) (actual time=40377.129..40377.147 rows=100 loops=1)
   Buffers: shared hit=13684863 read=633927 dirtied=253 written=4707
   ->  Sort  (cost=2848595.11..2848595.11 rows=1 width=26) (actual time=40377.127..40377.133 rows=100 loops=1)
         Sort Key: (count(*)), supplier.s_name
         Sort Method: top-N heapsort  Memory: 32kB
         Buffers: shared hit=13684863 read=633927 dirtied=253 written=4707
         ->  HashAggregate  (cost=2848595.09..2848595.10 rows=1 width=26) (actual time=40374.925..40375.975 rows=3981 loops=1)
               Group Key: supplier.s_name
               Buffers: shared hit=13684855 read=633927 dirtied=253 written=4707
               ->  Nested Loop Anti Join  (cost=2406.88..2848595.08 rows=1 width=26) (actual time=34.737..40324.811 rows=39492 loops=1)
                     Buffers: shared hit=13684855 read=633927 dirtied=253 written=4707
                     ->  Nested Loop Semi Join  (cost=2406.31..2848593.30 rows=1 width=34) (actual time=33.389..37459.428 rows=703661 loops=1)
                           Join Filter: (orders.o_orderkey = l2.l_orderkey)
                           Buffers: shared hit=10153415 read=632186 dirtied=253 written=4687
                           ->  Nested Loop  (cost=2405.75..2326288.51 rows=390920 width=38) (actual time=33.359..33111.286 rows=730363 loops=1)
                                 Buffers: shared hit=6545915 read=582260 dirtied=253 written=2975
                                 ->  Hash Join  (cost=2405.31..1904417.51 rows=801411 width=34) (actual time=33.311..25242.259 rows=1512542 loops=1)
                                       Hash Cond: (l1.l_suppkey = supplier.s_suppkey)
                                       Buffers: shared hit=564536 read=505192 written=23
                                       ->  Seq Scan on lineitem l1  (cost=0.00..1818865.80 rows=20035275 width=8) (actual time=0.016..18757.459 rows=37966905 loops=1)
                                             Filter: (l_receiptdate > l_commitdate)
                                             Rows Removed by Filter: 22078698
                                             Buffers: shared hit=562352 read=505191 written=23
                                       ->  Hash  (cost=2355.31..2355.31 rows=4000 width=30) (actual time=33.184..33.184 rows=3981 loops=1)
                                             Buckets: 4096  Batches: 1  Memory Usage: 281kB
                                             Buffers: shared hit=2181 read=1
                                             ->  Nested Loop  (cost=43.00..2355.31 rows=4000 width=30) (actual time=0.294..32.080 rows=3981 loops=1)
                                                   Buffers: shared hit=2181 read=1
                                                   ->  Seq Scan on nation  (cost=0.00..1.31 rows=1 width=4) (actual time=0.005..0.010 rows=1 loops=1)
                                                         Filter: (n_name = 'EGYPT'::bpchar)
                                                         Rows Removed by Filter: 24
                                                         Buffers: shared hit=1
                                                   ->  Bitmap Heap Scan on supplier  (cost=43.00..2314.00 rows=4000 width=34) (actual time=0.283..31.416 rows=3981 loops=1)
                                                         Recheck Cond: (s_nationkey = nation.n_nationkey)
                                                         Rows Removed by Index Recheck: 96019
                                                         Heap Blocks: lossy=2179
                                                         Buffers: shared hit=2180 read=1
                                                         ->  Bitmap Index Scan on supplier_s_nationkey_s_suppkey_brin_idx  (cost=0.00..42.00 rows=4000 width=0) (actual time=0.264..0.264 rows=23040 loops=1)
                                                               Index Cond: (s_nationkey = nation.n_nationkey)
                                                               Buffers: shared hit=1 read=1
                                 ->  Index Scan using pk_orders on orders  (cost=0.43..0.52 rows=1 width=4) (actual time=0.004..0.005 rows=0 loops=1512542)
                                       Index Cond: (o_orderkey = l1.l_orderkey)
                                       Filter: (o_orderstatus = 'F'::bpchar)
                                       Rows Removed by Filter: 1
                                       Buffers: shared hit=5981379 read=77068 dirtied=253 written=2952
                           ->  Index Scan using pk_lineitem on lineitem l2  (cost=0.56..1.15 rows=15 width=8) (actual time=0.005..0.005 rows=1 loops=730363)
                                 Index Cond: (l_orderkey = l1.l_orderkey)
                                 Filter: (l_suppkey <> l1.l_suppkey)
                                 Rows Removed by Filter: 0
                                 Buffers: shared hit=3607500 read=49926 written=1712
                     ->  Index Scan using pk_lineitem on lineitem l3  (cost=0.56..1.15 rows=5 width=8) (actual time=0.004..0.004 rows=1 loops=703661)
                           Index Cond: (l_orderkey = l1.l_orderkey)
                           Filter: ((l_receiptdate > l_commitdate) AND (l_suppkey <> l1.l_suppkey))
                           Rows Removed by Filter: 1
                           Buffers: shared hit=3531440 read=1741 written=20
 Planning time: 8.610 ms
 Execution time: 40377.447 ms
(57 rows)

COMMIT;
COMMIT
