BEGIN;
BEGIN
EXPLAIN (ANALYZE, BUFFERS)
select
	c_custkey,
	c_name,
	sum(l_extendedprice * (1 - l_discount)) as revenue,
	c_acctbal,
	n_name,
	c_address,
	c_phone,
	c_comment
from
	customer,
	orders,
	lineitem,
	nation
where
	c_custkey = o_custkey
	and l_orderkey = o_orderkey
	and o_orderdate >= date '1993-04-01'
	and o_orderdate < cast(date '1993-04-01' + interval '3 month' as date)
	and l_returnflag = 'R'
	and c_nationkey = n_nationkey
group by
	c_custkey,
	c_name,
	c_acctbal,
	c_phone,
	n_name,
	c_address,
	c_comment
order by
	revenue desc
LIMIT 20;
                                                                                               QUERY PLAN                                                                                                
---------------------------------------------------------------------------------------------------------------------------------------------------------------------------------------------------------
 Limit  (cost=2285194.99..2285195.04 rows=20 width=176) (actual time=31201.493..31201.498 rows=20 loops=1)
   Buffers: shared hit=860633 read=502555 dirtied=254 written=30
   ->  Sort  (cost=2285194.99..2286588.67 rows=557471 width=176) (actual time=31201.490..31201.493 rows=20 loops=1)
         Sort Key: (sum((lineitem.l_extendedprice * (1::double precision - lineitem.l_discount))))
         Sort Method: top-N heapsort  Memory: 30kB
         Buffers: shared hit=860633 read=502555 dirtied=254 written=30
         ->  HashAggregate  (cost=2264786.18..2270360.89 rows=557471 width=176) (actual time=30862.040..31064.069 rows=378760 loops=1)
               Group Key: customer.c_custkey, customer.c_name, customer.c_acctbal, customer.c_phone, nation.n_name, customer.c_address, customer.c_comment
               Buffers: shared hit=860630 read=502555 dirtied=254 written=30
               ->  Hash Join  (cost=345436.41..2250849.40 rows=557471 width=176) (actual time=7455.978..28942.155 rows=1136329 loops=1)
                     Hash Cond: (customer.c_nationkey = nation.n_nationkey)
                     Buffers: shared hit=860630 read=502555 dirtied=254 written=30
                     ->  Hash Join  (cost=345434.84..2243182.61 rows=557471 width=154) (actual time=7455.925..28540.640 rows=1136329 loops=1)
                           Hash Cond: (orders.o_custkey = customer.c_custkey)
                           Buffers: shared hit=860629 read=502555 dirtied=254 written=30
                           ->  Hash Join  (cost=276406.84..2165792.55 rows=557471 width=12) (actual time=5821.188..26169.498 rows=1136329 loops=1)
                                 Hash Cond: (lineitem.l_orderkey = orders.o_orderkey)
                                 Buffers: shared hit=860627 read=467279 dirtied=254 written=30
                                 ->  Seq Scan on lineitem  (cost=0.00..1827914.61 rows=14905702 width=12) (actual time=0.031..17175.499 rows=14822937 loops=1)
                                       Filter: (l_returnflag = 'R'::bpchar)
                                       Rows Removed by Filter: 45222373
                                       Buffers: shared hit=661265 read=411589
                                 ->  Hash  (cost=269345.31..269345.31 rows=564923 width=8) (actual time=5817.694..5817.694 rows=568172 loops=1)
                                       Buckets: 1048576  Batches: 1  Memory Usage: 30387kB
                                       Buffers: shared hit=199362 read=55690 dirtied=254 written=30
                                       ->  Bitmap Heap Scan on orders  (cost=5830.46..269345.31 rows=564923 width=8) (actual time=27.732..5622.087 rows=568172 loops=1)
                                             Recheck Cond: ((o_orderdate >= '1993-04-01'::date) AND (o_orderdate < '1993-07-01'::date))
                                             Rows Removed by Index Recheck: 14446828
                                             Heap Blocks: lossy=255041
                                             Buffers: shared hit=199362 read=55690 dirtied=254 written=30
                                             ->  Bitmap Index Scan on orders_o_orderdate_o_orderkey_brin_idx  (cost=0.00..5689.23 rows=564923 width=0) (actual time=27.561..27.561 rows=2551040 loops=1)
                                                   Index Cond: ((o_orderdate >= '1993-04-01'::date) AND (o_orderdate < '1993-07-01'::date))
                                                   Buffers: shared hit=2 read=9
                           ->  Hash  (cost=50278.00..50278.00 rows=1500000 width=146) (actual time=1627.216..1627.216 rows=1500000 loops=1)
                                 Buckets: 2097152  Batches: 1  Memory Usage: 281501kB
                                 Buffers: shared hit=2 read=35276
                                 ->  Seq Scan on customer  (cost=0.00..50278.00 rows=1500000 width=146) (actual time=0.010..817.891 rows=1500000 loops=1)
                                       Buffers: shared hit=2 read=35276
                     ->  Hash  (cost=1.25..1.25 rows=25 width=30) (actual time=0.043..0.043 rows=25 loops=1)
                           Buckets: 1024  Batches: 1  Memory Usage: 10kB
                           Buffers: shared hit=1
                           ->  Seq Scan on nation  (cost=0.00..1.25 rows=25 width=30) (actual time=0.005..0.011 rows=25 loops=1)
                                 Buffers: shared hit=1
 Planning time: 6.366 ms
 Execution time: 31210.773 ms
(45 rows)

COMMIT;
COMMIT
