BEGIN;
BEGIN
EXPLAIN (ANALYZE, BUFFERS)
select
	l_shipmode,
	sum(case
		when o_orderpriority = '1-URGENT'
			or o_orderpriority = '2-HIGH'
			then 1
		else 0
	end) as high_line_count,
	sum(case
		when o_orderpriority <> '1-URGENT'
			and o_orderpriority <> '2-HIGH'
			then 1
		else 0
	end) as low_line_count
from
	orders,
	lineitem
where
	o_orderkey = l_orderkey
	and l_shipmode in ('TRUCK', 'SHIP')
	and l_commitdate < l_receiptdate
	and l_shipdate < l_commitdate
	and l_receiptdate >= date '1993-01-01'
	and l_receiptdate < date '1993-01-01' + interval '1 year'
group by
	l_shipmode
order by
	l_shipmode;
                                                                                                                            QUERY PLAN                                                                                                                             
-------------------------------------------------------------------------------------------------------------------------------------------------------------------------------------------------------------------------------------------------------------------
 Sort  (cost=3053089.74..3053089.75 rows=1 width=27) (actual time=33603.441..33603.441 rows=2 loops=1)
   Sort Key: lineitem.l_shipmode
   Sort Method: quicksort  Memory: 25kB
   Buffers: shared hit=893071 read=440108 dirtied=253 written=1
   ->  HashAggregate  (cost=3053089.72..3053089.73 rows=1 width=27) (actual time=33603.390..33603.391 rows=2 loops=1)
         Group Key: lineitem.l_shipmode
         Buffers: shared hit=893066 read=440108 dirtied=253 written=1
         ->  Hash Join  (cost=597265.22..3047993.02 rows=291240 width=27) (actual time=9172.003..33281.835 rows=312932 loops=1)
               Hash Cond: (lineitem.l_orderkey = orders.o_orderkey)
               Buffers: shared hit=893066 read=440108 dirtied=253 written=1
               ->  Seq Scan on lineitem  (cost=0.00..2441626.55 rows=291240 width=15) (actual time=0.059..23798.233 rows=312932 loops=1)
                     Filter: ((l_shipmode = ANY ('{TRUCK,SHIP}'::bpchar[])) AND (l_commitdate < l_receiptdate) AND (l_shipdate < l_commitdate) AND (l_receiptdate >= '1993-01-01'::date) AND (l_receiptdate < '1994-01-01 00:00:00'::timestamp without time zone))
                     Rows Removed by Filter: 59671894
                     Buffers: shared hit=671170 read=405947
               ->  Hash  (cost=407703.43..407703.43 rows=15164943 width=20) (actual time=9108.307..9108.307 rows=15000000 loops=1)
                     Buckets: 16777216  Batches: 1  Memory Usage: 892791kB
                     Buffers: shared hit=221893 read=34161 dirtied=253 written=1
                     ->  Seq Scan on orders  (cost=0.00..407703.43 rows=15164943 width=20) (actual time=0.012..4222.438 rows=15000000 loops=1)
                           Buffers: shared hit=221893 read=34161 dirtied=253 written=1
 Planning time: 2.876 ms
 Execution time: 33607.671 ms
(21 rows)

COMMIT;
COMMIT
