BEGIN;
BEGIN
EXPLAIN (ANALYZE, BUFFERS)
select
	c_custkey,
	c_name,
	sum(l_extendedprice * (1 - l_discount)) as revenue,
	c_acctbal,
	n_name,
	c_address,
	c_phone,
	c_comment
from
	customer,
	orders,
	lineitem,
	nation
where
	c_custkey = o_custkey
	and l_orderkey = o_orderkey
	and o_orderdate >= date '1993-02-01'
	and o_orderdate < cast(date '1993-02-01' + interval '3 month' as date)
	and l_returnflag = 'R'
	and c_nationkey = n_nationkey
group by
	c_custkey,
	c_name,
	c_acctbal,
	c_phone,
	n_name,
	c_address,
	c_comment
order by
	revenue desc
LIMIT 20;
                                                                                               QUERY PLAN                                                                                                
---------------------------------------------------------------------------------------------------------------------------------------------------------------------------------------------------------
 Limit  (cost=2288543.33..2288543.38 rows=20 width=176) (actual time=31452.830..31452.835 rows=20 loops=1)
   Buffers: shared hit=835024 read=530790 dirtied=592 written=592
   ->  Sort  (cost=2288543.33..2289921.14 rows=551125 width=176) (actual time=31452.827..31452.831 rows=20 loops=1)
         Sort Key: (sum((lineitem.l_extendedprice * (1::double precision - lineitem.l_discount))))
         Sort Method: top-N heapsort  Memory: 30kB
         Buffers: shared hit=835024 read=530790 dirtied=592 written=592
         ->  HashAggregate  (cost=2268366.84..2273878.09 rows=551125 width=176) (actual time=31121.866..31318.088 rows=372910 loops=1)
               Group Key: customer.c_custkey, customer.c_name, customer.c_acctbal, customer.c_phone, nation.n_name, customer.c_address, customer.c_comment
               Buffers: shared hit=835021 read=530790 dirtied=592 written=592
               ->  Hash Join  (cost=345700.90..2254588.71 rows=551125 width=176) (actual time=6761.864..29158.909 rows=1113988 loops=1)
                     Hash Cond: (customer.c_nationkey = nation.n_nationkey)
                     Buffers: shared hit=835021 read=530790 dirtied=592 written=592
                     ->  Hash Join  (cost=345699.34..2247009.18 rows=551125 width=154) (actual time=6761.833..28755.890 rows=1113988 loops=1)
                           Hash Cond: (orders.o_custkey = customer.c_custkey)
                           Buffers: shared hit=835020 read=530790 dirtied=592 written=592
                           ->  Hash Join  (cost=276671.34..2169714.31 rows=551125 width=12) (actual time=5413.776..26572.268 rows=1113988 loops=1)
                                 Hash Cond: (lineitem.l_orderkey = orders.o_orderkey)
                                 Buffers: shared hit=802145 read=528387 dirtied=592 written=592
                                 ->  Seq Scan on lineitem  (cost=0.00..1831524.94 rows=14935142 width=12) (actual time=0.038..17873.146 rows=14822845 loops=1)
                                       Filter: (l_returnflag = 'R'::bpchar)
                                       Rows Removed by Filter: 45221237
                                       Buffers: shared hit=584026 read=490947 dirtied=592 written=592
                                 ->  Hash  (cost=269690.10..269690.10 rows=558499 width=8) (actual time=5409.187..5409.187 rows=555740 loops=1)
                                       Buckets: 1048576  Batches: 1  Memory Usage: 29901kB
                                       Buffers: shared hit=218119 read=37440
                                       ->  Bitmap Heap Scan on orders  (cost=5764.61..269690.10 rows=558499 width=8) (actual time=27.758..5209.572 rows=555740 loops=1)
                                             Recheck Cond: ((o_orderdate >= '1993-02-01'::date) AND (o_orderdate < '1993-05-01'::date))
                                             Rows Removed by Index Recheck: 14459260
                                             Heap Blocks: lossy=255548
                                             Buffers: shared hit=218119 read=37440
                                             ->  Bitmap Index Scan on orders_o_orderdate_o_orderkey_brin_idx  (cost=0.00..5624.99 rows=558499 width=0) (actual time=27.572..27.572 rows=2556160 loops=1)
                                                   Index Cond: ((o_orderdate >= '1993-02-01'::date) AND (o_orderdate < '1993-05-01'::date))
                                                   Buffers: shared hit=5 read=6
                           ->  Hash  (cost=50278.00..50278.00 rows=1500000 width=146) (actual time=1341.869..1341.869 rows=1500000 loops=1)
                                 Buckets: 2097152  Batches: 1  Memory Usage: 281501kB
                                 Buffers: shared hit=32875 read=2403
                                 ->  Seq Scan on customer  (cost=0.00..50278.00 rows=1500000 width=146) (actual time=0.007..571.896 rows=1500000 loops=1)
                                       Buffers: shared hit=32875 read=2403
                     ->  Hash  (cost=1.25..1.25 rows=25 width=30) (actual time=0.018..0.018 rows=25 loops=1)
                           Buckets: 1024  Batches: 1  Memory Usage: 10kB
                           Buffers: shared hit=1
                           ->  Seq Scan on nation  (cost=0.00..1.25 rows=25 width=30) (actual time=0.005..0.008 rows=25 loops=1)
                                 Buffers: shared hit=1
 Planning time: 4.150 ms
 Execution time: 31462.265 ms
(45 rows)

COMMIT;
COMMIT
