BEGIN;
BEGIN
EXPLAIN (ANALYZE, BUFFERS)
select
	l_shipmode,
	sum(case
		when o_orderpriority = '1-URGENT'
			or o_orderpriority = '2-HIGH'
			then 1
		else 0
	end) as high_line_count,
	sum(case
		when o_orderpriority <> '1-URGENT'
			and o_orderpriority <> '2-HIGH'
			then 1
		else 0
	end) as low_line_count
from
	orders,
	lineitem
where
	o_orderkey = l_orderkey
	and l_shipmode in ('SHIP', 'MAIL')
	and l_commitdate < l_receiptdate
	and l_shipdate < l_commitdate
	and l_receiptdate >= date '1996-01-01'
	and l_receiptdate < date '1996-01-01' + interval '1 year'
group by
	l_shipmode
order by
	l_shipmode;
                                                                                                                            QUERY PLAN                                                                                                                            
------------------------------------------------------------------------------------------------------------------------------------------------------------------------------------------------------------------------------------------------------------------
 Sort  (cost=3038017.16..3038017.17 rows=1 width=27) (actual time=34276.761..34276.761 rows=2 loops=1)
   Sort Key: lineitem.l_shipmode
   Sort Method: quicksort  Memory: 25kB
   Buffers: shared hit=791047 read=535543 dirtied=82 written=1471
   ->  HashAggregate  (cost=3038017.14..3038017.15 rows=1 width=27) (actual time=34276.712..34276.714 rows=2 loops=1)
         Group Key: lineitem.l_shipmode
         Buffers: shared hit=791042 read=535543 dirtied=82 written=1471
         ->  Hash Join  (cost=594309.84..3032939.54 rows=290149 width=27) (actual time=9378.615..33956.725 rows=312253 loops=1)
               Hash Cond: (lineitem.l_orderkey = orders.o_orderkey)
               Buffers: shared hit=791042 read=535543 dirtied=82 written=1471
               ->  Seq Scan on lineitem  (cost=0.00..2429562.54 rows=290149 width=15) (actual time=0.140..24207.101 rows=312253 loops=1)
                     Filter: ((l_shipmode = ANY ('{SHIP,MAIL}'::bpchar[])) AND (l_commitdate < l_receiptdate) AND (l_shipdate < l_commitdate) AND (l_receiptdate >= '1996-01-01'::date) AND (l_receiptdate < '1997-01-01 00:00:00'::timestamp without time zone))
                     Rows Removed by Filter: 59673434
                     Buffers: shared hit=593483 read=478312 dirtied=1 written=10
               ->  Hash  (cost=405686.04..405686.04 rows=15089904 width=20) (actual time=9301.268..9301.268 rows=15000000 loops=1)
                     Buckets: 16777216  Batches: 1  Memory Usage: 892791kB
                     Buffers: shared hit=197556 read=57231 dirtied=81 written=1461
                     ->  Seq Scan on orders  (cost=0.00..405686.04 rows=15089904 width=20) (actual time=0.010..4518.372 rows=15000000 loops=1)
                           Buffers: shared hit=197556 read=57231 dirtied=81 written=1461
 Planning time: 2.472 ms
 Execution time: 34289.686 ms
(21 rows)

COMMIT;
COMMIT
