BEGIN;
BEGIN
EXPLAIN (ANALYZE, BUFFERS)
select
	c_custkey,
	c_name,
	sum(l_extendedprice * (1 - l_discount)) as revenue,
	c_acctbal,
	n_name,
	c_address,
	c_phone,
	c_comment
from
	customer,
	orders,
	lineitem,
	nation
where
	c_custkey = o_custkey
	and l_orderkey = o_orderkey
	and o_orderdate >= date '1994-12-01'
	and o_orderdate < cast(date '1994-12-01' + interval '3 month' as date)
	and l_returnflag = 'R'
	and c_nationkey = n_nationkey
group by
	c_custkey,
	c_name,
	c_acctbal,
	c_phone,
	n_name,
	c_address,
	c_comment
order by
	revenue desc
LIMIT 20;
                                                                                               QUERY PLAN                                                                                                
---------------------------------------------------------------------------------------------------------------------------------------------------------------------------------------------------------
 Limit  (cost=2273036.08..2273036.13 rows=20 width=176) (actual time=32096.310..32096.317 rows=20 loops=1)
   Buffers: shared hit=1187298 read=167990 dirtied=252
   ->  Sort  (cost=2273036.08..2274439.94 rows=561544 width=176) (actual time=32096.307..32096.308 rows=20 loops=1)
         Sort Key: (sum((lineitem.l_extendedprice * (1::double precision - lineitem.l_discount))))
         Sort Method: top-N heapsort  Memory: 30kB
         Buffers: shared hit=1187298 read=167990 dirtied=252
         ->  HashAggregate  (cost=2252478.15..2258093.59 rows=561544 width=176) (actual time=31775.982..31962.624 rows=371123 loops=1)
               Group Key: customer.c_custkey, customer.c_name, customer.c_acctbal, customer.c_phone, nation.n_name, customer.c_address, customer.c_comment
               Buffers: shared hit=1187295 read=167990 dirtied=252
               ->  Hash Join  (cost=344073.05..2238439.55 rows=561544 width=176) (actual time=9665.677..30029.387 rows=1079367 loops=1)
                     Hash Cond: (customer.c_nationkey = nation.n_nationkey)
                     Buffers: shared hit=1187295 read=167990 dirtied=252
                     ->  Hash Join  (cost=344071.49..2230716.76 rows=561544 width=154) (actual time=9665.649..29662.934 rows=1079367 loops=1)
                           Hash Cond: (orders.o_custkey = customer.c_custkey)
                           Buffers: shared hit=1187294 read=167990 dirtied=252
                           ->  Hash Join  (cost=275043.49..2153265.60 rows=561544 width=12) (actual time=8370.308..27575.755 rows=1079367 loops=1)
                                 Hash Cond: (lineitem.l_orderkey = orders.o_orderkey)
                                 Buffers: shared hit=1152223 read=167783 dirtied=252
                                 ->  Seq Scan on lineitem  (cost=0.00..1817042.75 rows=14817047 width=12) (actual time=0.011..15957.811 rows=14808323 loops=1)
                                       Filter: (l_returnflag = 'R'::bpchar)
                                       Rows Removed by Filter: 45177006
                                       Buffers: shared hit=1027804 read=38669
                                 ->  Hash  (cost=267930.41..267930.41 rows=569046 width=8) (actual time=8366.858..8366.858 rows=561335 loops=1)
                                       Buckets: 1048576  Batches: 1  Memory Usage: 30120kB
                                       Buffers: shared hit=124419 read=129114 dirtied=252
                                       ->  Bitmap Heap Scan on orders  (cost=5872.72..267930.41 rows=569046 width=8) (actual time=27.568..8115.628 rows=561335 loops=1)
                                             Recheck Cond: ((o_orderdate >= '1994-12-01'::date) AND (o_orderdate < '1995-03-01'::date))
                                             Rows Removed by Index Recheck: 14438665
                                             Heap Blocks: lossy=253522
                                             Buffers: shared hit=124419 read=129114 dirtied=252
                                             ->  Bitmap Index Scan on orders_o_orderdate_o_orderkey_brin_idx  (cost=0.00..5730.46 rows=569046 width=0) (actual time=27.388..27.388 rows=2535680 loops=1)
                                                   Index Cond: ((o_orderdate >= '1994-12-01'::date) AND (o_orderdate < '1995-03-01'::date))
                                                   Buffers: shared hit=2 read=9
                           ->  Hash  (cost=50278.00..50278.00 rows=1500000 width=146) (actual time=1289.222..1289.222 rows=1500000 loops=1)
                                 Buckets: 2097152  Batches: 1  Memory Usage: 281501kB
                                 Buffers: shared hit=35071 read=207
                                 ->  Seq Scan on customer  (cost=0.00..50278.00 rows=1500000 width=146) (actual time=0.008..520.833 rows=1500000 loops=1)
                                       Buffers: shared hit=35071 read=207
                     ->  Hash  (cost=1.25..1.25 rows=25 width=30) (actual time=0.018..0.018 rows=25 loops=1)
                           Buckets: 1024  Batches: 1  Memory Usage: 10kB
                           Buffers: shared hit=1
                           ->  Seq Scan on nation  (cost=0.00..1.25 rows=25 width=30) (actual time=0.004..0.008 rows=25 loops=1)
                                 Buffers: shared hit=1
 Planning time: 3.136 ms
 Execution time: 32105.463 ms
(45 rows)

COMMIT;
COMMIT
