BEGIN;
BEGIN
EXPLAIN (ANALYZE, BUFFERS)
select
	l_shipmode,
	sum(case
		when o_orderpriority = '1-URGENT'
			or o_orderpriority = '2-HIGH'
			then 1
		else 0
	end) as high_line_count,
	sum(case
		when o_orderpriority <> '1-URGENT'
			and o_orderpriority <> '2-HIGH'
			then 1
		else 0
	end) as low_line_count
from
	orders,
	lineitem
where
	o_orderkey = l_orderkey
	and l_shipmode in ('REG AIR', 'FOB')
	and l_commitdate < l_receiptdate
	and l_shipdate < l_commitdate
	and l_receiptdate >= date '1997-01-01'
	and l_receiptdate < date '1997-01-01' + interval '1 year'
group by
	l_shipmode
order by
	l_shipmode;
                                                                                                                              QUERY PLAN                                                                                                                              
----------------------------------------------------------------------------------------------------------------------------------------------------------------------------------------------------------------------------------------------------------------------
 Sort  (cost=3053189.63..3053189.63 rows=1 width=27) (actual time=34141.327..34141.328 rows=2 loops=1)
   Sort Key: lineitem.l_shipmode
   Sort Method: quicksort  Memory: 25kB
   Buffers: shared hit=638866 read=694313 dirtied=253 written=1650
   ->  HashAggregate  (cost=3053189.61..3053189.62 rows=1 width=27) (actual time=34141.273..34141.273 rows=2 loops=1)
         Group Key: lineitem.l_shipmode
         Buffers: shared hit=638861 read=694313 dirtied=253 written=1650
         ->  Hash Join  (cost=597265.22..3048057.05 rows=293289 width=27) (actual time=10007.112..33826.750 rows=310878 loops=1)
               Hash Cond: (lineitem.l_orderkey = orders.o_orderkey)
               Buffers: shared hit=638861 read=694313 dirtied=253 written=1650
               ->  Seq Scan on lineitem  (cost=0.00..2441626.55 rows=293289 width=15) (actual time=0.238..23492.126 rows=310878 loops=1)
                     Filter: ((l_shipmode = ANY ('{"REG AIR",FOB}'::bpchar[])) AND (l_commitdate < l_receiptdate) AND (l_shipdate < l_commitdate) AND (l_receiptdate >= '1997-01-01'::date) AND (l_receiptdate < '1998-01-01 00:00:00'::timestamp without time zone))
                     Rows Removed by Filter: 59733994
                     Buffers: shared hit=522748 read=554369 written=2
               ->  Hash  (cost=407703.43..407703.43 rows=15164943 width=20) (actual time=9947.158..9947.158 rows=15015000 loops=1)
                     Buckets: 16777216  Batches: 1  Memory Usage: 893553kB
                     Buffers: shared hit=116110 read=139944 dirtied=253 written=1648
                     ->  Seq Scan on orders  (cost=0.00..407703.43 rows=15164943 width=20) (actual time=0.010..5030.651 rows=15015000 loops=1)
                           Buffers: shared hit=116110 read=139944 dirtied=253 written=1648
 Planning time: 2.540 ms
 Execution time: 34146.542 ms
(21 rows)

COMMIT;
COMMIT
