BEGIN;
BEGIN
EXPLAIN (ANALYZE, BUFFERS)
select
	sum(l_extendedprice* (1 - l_discount)) as revenue
from
	lineitem,
	part
where
	(
		p_partkey = l_partkey
		and p_brand = 'Brand#52'
		and p_container in ('SM CASE', 'SM BOX', 'SM PACK', 'SM PKG')
		and l_quantity >= 5 and l_quantity <= 5+10
		and p_size between 1 and 5
		and l_shipmode in ('AIR', 'AIR REG')
		and l_shipinstruct = 'DELIVER IN PERSON'
	)
	or
	(
		p_partkey = l_partkey
		and p_brand = 'Brand#32'
		and p_container in ('MED BAG', 'MED BOX', 'MED PKG', 'MED PACK')
		and l_quantity >= 16 and l_quantity <= 16+10
		and p_size between 1 and 10
		and l_shipmode in ('AIR', 'AIR REG')
		and l_shipinstruct = 'DELIVER IN PERSON'
	)
	or
	(
		p_partkey = l_partkey
		and p_brand = 'Brand#54'
		and p_container in ('LG CASE', 'LG BOX', 'LG PACK', 'LG PKG')
		and l_quantity >= 28 and l_quantity <= 28+10
		and p_size between 1 and 15
		and l_shipmode in ('AIR', 'AIR REG')
		and l_shipinstruct = 'DELIVER IN PERSON'
	);
                                                                                                                                                                                                                                                                                                                                                                                                                                                                                                                                                  QUERY PLAN                                                                                                                                                                                                                                                                                                                                                                                                                                                                                                                                                  
--------------------------------------------------------------------------------------------------------------------------------------------------------------------------------------------------------------------------------------------------------------------------------------------------------------------------------------------------------------------------------------------------------------------------------------------------------------------------------------------------------------------------------------------------------------------------------------------------------------------------------------------------------------------------------------------------------------------------------------------------------------------------------------------------------------------------------------------------------------------------------------------------------------------------------------------------------------------------------------------------------------------------------------------------------------------------------------------------------------
 Aggregate  (cost=615356.63..615356.64 rows=1 width=8) (actual time=1601.847..1601.847 rows=1 loops=1)
   Buffers: shared hit=127093 read=55051 dirtied=914 written=143
   ->  Nested Loop  (cost=12831.44..615348.09 rows=1139 width=8) (actual time=33.321..1600.970 rows=1113 loops=1)
         Buffers: shared hit=127093 read=55051 dirtied=914 written=143
         ->  Bitmap Heap Scan on part  (cost=12830.88..26580.40 rows=4780 width=30) (actual time=33.064..126.864 rows=4776 loops=1)
               Recheck Cond: (((p_container = ANY ('{"SM CASE","SM BOX","SM PACK","SM PKG"}'::bpchar[])) AND (p_brand = 'Brand#52'::bpchar) AND (p_size <= 5) AND (p_size >= 1)) OR ((p_container = ANY ('{"MED BAG","MED BOX","MED PKG","MED PACK"}'::bpchar[])) AND (p_brand = 'Brand#32'::bpchar) AND (p_size <= 10) AND (p_size >= 1)) OR ((p_container = ANY ('{"LG CASE","LG BOX","LG PACK","LG PKG"}'::bpchar[])) AND (p_brand = 'Brand#54'::bpchar) AND (p_size <= 15) AND (p_size >= 1)))
               Rows Removed by Index Recheck: 19461
               Heap Blocks: exact=18342
               Buffers: shared hit=18359 read=171
               ->  BitmapOr  (cost=12830.88..12830.88 rows=4784 width=0) (actual time=29.270..29.270 rows=0 loops=1)
                     Buffers: shared hit=17 read=171
                     ->  BitmapAnd  (cost=2281.17..2281.17 rows=799 width=0) (actual time=8.607..8.607 rows=0 loops=1)
                           Buffers: shared hit=5 read=57
                           ->  Bitmap Index Scan on part_p_container_p_brand_p_partkey_idx  (cost=0.00..290.59 rows=8089 width=0) (actual time=3.671..3.671 rows=8026 loops=1)
                                 Index Cond: ((p_container = ANY ('{"SM CASE","SM BOX","SM PACK","SM PKG"}'::bpchar[])) AND (p_brand = 'Brand#52'::bpchar))
                                 Buffers: shared hit=4 read=56
                           ->  Bitmap Index Scan on part_p_size_brin_idx  (cost=0.00..1987.93 rows=197593 width=0) (actual time=4.197..4.197 rows=405760 loops=1)
                                 Index Cond: ((p_size <= 5) AND (p_size >= 1))
                                 Buffers: shared hit=1 read=1
                     ->  BitmapAnd  (cost=4272.19..4272.19 rows=1596 width=0) (actual time=8.682..8.682 rows=0 loops=1)
                           Buffers: shared hit=6 read=58
                           ->  Bitmap Index Scan on part_p_container_p_brand_p_partkey_idx  (cost=0.00..290.15 rows=8044 width=0) (actual time=3.751..3.751 rows=8160 loops=1)
                                 Index Cond: ((p_container = ANY ('{"MED BAG","MED BOX","MED PKG","MED PACK"}'::bpchar[])) AND (p_brand = 'Brand#32'::bpchar))
                                 Buffers: shared hit=4 read=58
                           ->  Bitmap Index Scan on part_p_size_brin_idx  (cost=0.00..3979.40 rows=396740 width=0) (actual time=4.185..4.185 rows=405760 loops=1)
                                 Index Cond: ((p_size <= 10) AND (p_size >= 1))
                                 Buffers: shared hit=2
                     ->  BitmapAnd  (cost=6277.02..6277.02 rows=2389 width=0) (actual time=8.352..8.352 rows=0 loops=1)
                           Buffers: shared hit=6 read=56
                           ->  Bitmap Index Scan on part_p_container_p_brand_p_partkey_idx  (cost=0.00..289.71 rows=8000 width=0) (actual time=3.476..3.476 rows=8051 loops=1)
                                 Index Cond: ((p_container = ANY ('{"LG CASE","LG BOX","LG PACK","LG PKG"}'::bpchar[])) AND (p_brand = 'Brand#54'::bpchar))
                                 Buffers: shared hit=4 read=56
                           ->  Bitmap Index Scan on part_p_size_brin_idx  (cost=0.00..5984.67 rows=597267 width=0) (actual time=4.175..4.175 rows=405760 loops=1)
                                 Index Cond: ((p_size <= 15) AND (p_size >= 1))
                                 Buffers: shared hit=2
         ->  Index Scan using lineitem_l_partkey_l_quantity_idx on lineitem  (cost=0.56..123.16 rows=1 width=16) (actual time=0.279..0.307 rows=0 loops=4776)
               Index Cond: (l_partkey = part.p_partkey)
               Filter: ((l_shipmode = ANY ('{AIR,"AIR REG"}'::bpchar[])) AND (l_shipinstruct = 'DELIVER IN PERSON'::bpchar) AND (((l_quantity >= 5::double precision) AND (l_quantity <= 15::double precision)) OR ((l_quantity >= 16::double precision) AND (l_quantity <= 26::double precision)) OR ((l_quantity >= 28::double precision) AND (l_quantity <= 38::double precision))) AND (((part.p_brand = 'Brand#52'::bpchar) AND (part.p_container = ANY ('{"SM CASE","SM BOX","SM PACK","SM PKG"}'::bpchar[])) AND (l_quantity >= 5::double precision) AND (l_quantity <= 15::double precision) AND (part.p_size <= 5)) OR ((part.p_brand = 'Brand#32'::bpchar) AND (part.p_container = ANY ('{"MED BAG","MED BOX","MED PKG","MED PACK"}'::bpchar[])) AND (l_quantity >= 16::double precision) AND (l_quantity <= 26::double precision) AND (part.p_size <= 10)) OR ((part.p_brand = 'Brand#54'::bpchar) AND (part.p_container = ANY ('{"LG CASE","LG BOX","LG PACK","LG PKG"}'::bpchar[])) AND (l_quantity >= 28::double precision) AND (l_quantity <= 38::double precision) AND (part.p_size <= 15))))
               Rows Removed by Filter: 30
               Buffers: shared hit=108734 read=54880 dirtied=914 written=143
 Planning time: 3.599 ms
 Execution time: 1602.230 ms
(42 rows)

COMMIT;
COMMIT
