BEGIN;
BEGIN
EXPLAIN (ANALYZE, BUFFERS)
select
	c_custkey,
	c_name,
	sum(l_extendedprice * (1 - l_discount)) as revenue,
	c_acctbal,
	n_name,
	c_address,
	c_phone,
	c_comment
from
	customer,
	orders,
	lineitem,
	nation
where
	c_custkey = o_custkey
	and l_orderkey = o_orderkey
	and o_orderdate >= date '1994-01-01'
	and o_orderdate < cast(date '1994-01-01' + interval '3 month' as date)
	and l_returnflag = 'R'
	and c_nationkey = n_nationkey
group by
	c_custkey,
	c_name,
	c_acctbal,
	c_phone,
	n_name,
	c_address,
	c_comment
order by
	revenue desc
LIMIT 20;
                                                                                               QUERY PLAN                                                                                                
---------------------------------------------------------------------------------------------------------------------------------------------------------------------------------------------------------
 Limit  (cost=2291786.23..2291786.28 rows=20 width=176) (actual time=31124.528..31124.534 rows=20 loops=1)
   Buffers: shared hit=572046 read=795092 written=558
   ->  Sort  (cost=2291786.23..2293184.05 rows=559129 width=176) (actual time=31124.526..31124.528 rows=20 loops=1)
         Sort Key: (sum((lineitem.l_extendedprice * (1::double precision - lineitem.l_discount))))
         Sort Method: top-N heapsort  Memory: 30kB
         Buffers: shared hit=572046 read=795092 written=558
         ->  HashAggregate  (cost=2271316.72..2276908.01 rows=559129 width=176) (actual time=30773.562..30987.855 rows=375161 loops=1)
               Group Key: customer.c_custkey, customer.c_name, customer.c_acctbal, customer.c_phone, nation.n_name, customer.c_address, customer.c_comment
               Buffers: shared hit=572043 read=795092 written=558
               ->  Hash Join  (cost=346259.97..2257338.49 rows=559129 width=176) (actual time=6997.652..28856.023 rows=1121576 loops=1)
                     Hash Cond: (customer.c_nationkey = nation.n_nationkey)
                     Buffers: shared hit=572043 read=795092 written=558
                     ->  Hash Join  (cost=346258.41..2249648.90 rows=559129 width=154) (actual time=6997.623..28460.695 rows=1121576 loops=1)
                           Hash Cond: (orders.o_custkey = customer.c_custkey)
                           Buffers: shared hit=572042 read=795092 written=558
                           ->  Hash Join  (cost=277230.41..2172233.97 rows=559129 width=12) (actual time=5309.445..26077.490 rows=1121576 loops=1)
                                 Hash Cond: (lineitem.l_orderkey = orders.o_orderkey)
                                 Buffers: shared hit=572040 read=759816 written=15
                                 ->  Seq Scan on lineitem  (cost=0.00..1833349.69 rows=14950022 width=12) (actual time=0.012..17750.110 rows=14822772 loops=1)
                                       Filter: (l_returnflag = 'R'::bpchar)
                                       Rows Removed by Filter: 45221404
                                       Buffers: shared hit=339902 read=736142 written=3
                                 ->  Hash  (cost=270147.82..270147.82 rows=566607 width=8) (actual time=5306.027..5306.027 rows=560676 loops=1)
                                       Buckets: 1048576  Batches: 1  Memory Usage: 30094kB
                                       Buffers: shared hit=232138 read=23674 written=12
                                       ->  Bitmap Heap Scan on orders  (cost=5847.72..270147.82 rows=566607 width=8) (actual time=27.774..5125.623 rows=560676 loops=1)
                                             Recheck Cond: ((o_orderdate >= '1994-01-01'::date) AND (o_orderdate < '1994-04-01'::date))
                                             Rows Removed by Index Recheck: 14454324
                                             Heap Blocks: lossy=255801
                                             Buffers: shared hit=232138 read=23674 written=12
                                             ->  Bitmap Index Scan on orders_o_orderdate_o_orderkey_brin_idx  (cost=0.00..5706.07 rows=566607 width=0) (actual time=27.610..27.610 rows=2558720 loops=1)
                                                   Index Cond: ((o_orderdate >= '1994-01-01'::date) AND (o_orderdate < '1994-04-01'::date))
                                                   Buffers: shared hit=3 read=8
                           ->  Hash  (cost=50278.00..50278.00 rows=1500000 width=146) (actual time=1679.395..1679.395 rows=1500000 loops=1)
                                 Buckets: 2097152  Batches: 1  Memory Usage: 281501kB
                                 Buffers: shared hit=2 read=35276 written=543
                                 ->  Seq Scan on customer  (cost=0.00..50278.00 rows=1500000 width=146) (actual time=0.011..828.006 rows=1500000 loops=1)
                                       Buffers: shared hit=2 read=35276 written=543
                     ->  Hash  (cost=1.25..1.25 rows=25 width=30) (actual time=0.018..0.018 rows=25 loops=1)
                           Buckets: 1024  Batches: 1  Memory Usage: 10kB
                           Buffers: shared hit=1
                           ->  Seq Scan on nation  (cost=0.00..1.25 rows=25 width=30) (actual time=0.004..0.007 rows=25 loops=1)
                                 Buffers: shared hit=1
 Planning time: 4.298 ms
 Execution time: 31132.725 ms
(45 rows)

COMMIT;
COMMIT
