BEGIN;
BEGIN
EXPLAIN (ANALYZE, BUFFERS)
select
	l_shipmode,
	sum(case
		when o_orderpriority = '1-URGENT'
			or o_orderpriority = '2-HIGH'
			then 1
		else 0
	end) as high_line_count,
	sum(case
		when o_orderpriority <> '1-URGENT'
			and o_orderpriority <> '2-HIGH'
			then 1
		else 0
	end) as low_line_count
from
	orders,
	lineitem
where
	o_orderkey = l_orderkey
	and l_shipmode in ('RAIL', 'SHIP')
	and l_commitdate < l_receiptdate
	and l_shipdate < l_commitdate
	and l_receiptdate >= date '1993-01-01'
	and l_receiptdate < date '1993-01-01' + interval '1 year'
group by
	l_shipmode
order by
	l_shipmode;
                                                                                                                            QUERY PLAN                                                                                                                            
------------------------------------------------------------------------------------------------------------------------------------------------------------------------------------------------------------------------------------------------------------------
 Sort  (cost=3031999.68..3031999.69 rows=1 width=27) (actual time=34224.695..34224.695 rows=2 loops=1)
   Sort Key: lineitem.l_shipmode
   Sort Method: quicksort  Memory: 25kB
   Buffers: shared hit=574823 read=749130 written=4891
   ->  HashAggregate  (cost=3031999.66..3031999.67 rows=1 width=27) (actual time=34224.640..34224.641 rows=2 loops=1)
         Group Key: lineitem.l_shipmode
         Buffers: shared hit=574818 read=749130 written=4891
         ->  Hash Join  (cost=593129.56..3026924.43 rows=290013 width=27) (actual time=9389.110..33897.786 rows=312999 loops=1)
               Hash Cond: (lineitem.l_orderkey = orders.o_orderkey)
               Buffers: shared hit=574818 read=749130 written=4891
               ->  Seq Scan on lineitem  (cost=0.00..2424731.97 rows=290013 width=15) (actual time=0.017..24202.771 rows=312999 loops=1)
                     Filter: ((l_shipmode = ANY ('{RAIL,SHIP}'::bpchar[])) AND (l_commitdate < l_receiptdate) AND (l_shipdate < l_commitdate) AND (l_receiptdate >= '1993-01-01'::date) AND (l_receiptdate < '1994-01-01 00:00:00'::timestamp without time zone))
                     Rows Removed by Filter: 59672782
                     Buffers: shared hit=385108 read=684556
               ->  Hash  (cost=404880.36..404880.36 rows=15059936 width=20) (actual time=9343.502..9343.502 rows=15000000 loops=1)
                     Buckets: 16777216  Batches: 1  Memory Usage: 892791kB
                     Buffers: shared hit=189707 read=64574 written=4891
                     ->  Seq Scan on orders  (cost=0.00..404880.36 rows=15059936 width=20) (actual time=0.013..4924.808 rows=15000000 loops=1)
                           Buffers: shared hit=189707 read=64574 written=4891
 Planning time: 2.207 ms
 Execution time: 34228.871 ms
(21 rows)

COMMIT;
COMMIT
