BEGIN;
BEGIN
EXPLAIN (ANALYZE, BUFFERS)
select
	s_name,
	count(*) as numwait
from
	supplier,
	lineitem l1,
	orders,
	nation
where
	s_suppkey = l1.l_suppkey
	and o_orderkey = l1.l_orderkey
	and o_orderstatus = 'F'
	and l1.l_receiptdate > l1.l_commitdate
	and exists (
		select
			*
		from
			lineitem l2
		where
			l2.l_orderkey = l1.l_orderkey
			and l2.l_suppkey <> l1.l_suppkey
	)
	and not exists (
		select
			*
		from
			lineitem l3
		where
			l3.l_orderkey = l1.l_orderkey
			and l3.l_suppkey <> l1.l_suppkey
			and l3.l_receiptdate > l3.l_commitdate
	)
	and s_nationkey = n_nationkey
	and n_name = 'GERMANY'
group by
	s_name
order by
	numwait desc,
	s_name
LIMIT 100;
                                                                                                  QUERY PLAN                                                                                                  
--------------------------------------------------------------------------------------------------------------------------------------------------------------------------------------------------------------
 Limit  (cost=2868526.24..2868526.24 rows=1 width=26) (actual time=38971.857..38971.875 rows=100 loops=1)
   Buffers: shared hit=14170156 read=367127 written=559
   ->  Sort  (cost=2868526.24..2868526.24 rows=1 width=26) (actual time=38971.855..38971.861 rows=100 loops=1)
         Sort Key: (count(*)), supplier.s_name
         Sort Method: top-N heapsort  Memory: 32kB
         Buffers: shared hit=14170156 read=367127 written=559
         ->  HashAggregate  (cost=2868526.22..2868526.23 rows=1 width=26) (actual time=38969.682..38970.755 rows=4049 loops=1)
               Group Key: supplier.s_name
               Buffers: shared hit=14170148 read=367127 written=559
               ->  Nested Loop Anti Join  (cost=2406.88..2868526.21 rows=1 width=26) (actual time=41.924..38919.514 rows=40191 loops=1)
                     Buffers: shared hit=14170148 read=367127 written=559
                     ->  Nested Loop Semi Join  (cost=2406.31..2868524.43 rows=1 width=34) (actual time=41.844..36053.746 rows=715261 loops=1)
                           Join Filter: (orders.o_orderkey = l2.l_orderkey)
                           Buffers: shared hit=10579637 read=366027 written=527
                           ->  Nested Loop  (cost=2405.75..2342509.75 rows=393641 width=38) (actual time=41.814..31891.345 rows=742278 loops=1)
                                 Buffers: shared hit=6898052 read=330613 written=314
                                 ->  Hash Join  (cost=2405.31..1917655.33 rows=806989 width=34) (actual time=41.785..24815.490 rows=1535759 loops=1)
                                       Hash Cond: (l1.l_suppkey = supplier.s_suppkey)
                                       Buffers: shared hit=757691 read=319467 written=142
                                       ->  Seq Scan on lineitem l1  (cost=0.00..1831524.94 rows=20174718 width=8) (actual time=0.013..18429.478 rows=37965325 loops=1)
                                             Filter: (l_receiptdate > l_commitdate)
                                             Rows Removed by Filter: 22078757
                                             Buffers: shared hit=755507 read=319466 written=142
                                       ->  Hash  (cost=2355.31..2355.31 rows=4000 width=30) (actual time=41.726..41.726 rows=4049 loops=1)
                                             Buckets: 4096  Batches: 1  Memory Usage: 286kB
                                             Buffers: shared hit=2181 read=1
                                             ->  Nested Loop  (cost=43.00..2355.31 rows=4000 width=30) (actual time=0.325..40.496 rows=4049 loops=1)
                                                   Buffers: shared hit=2181 read=1
                                                   ->  Seq Scan on nation  (cost=0.00..1.31 rows=1 width=4) (actual time=0.006..0.012 rows=1 loops=1)
                                                         Filter: (n_name = 'GERMANY'::bpchar)
                                                         Rows Removed by Filter: 24
                                                         Buffers: shared hit=1
                                                   ->  Bitmap Heap Scan on supplier  (cost=43.00..2314.00 rows=4000 width=34) (actual time=0.313..39.761 rows=4049 loops=1)
                                                         Recheck Cond: (s_nationkey = nation.n_nationkey)
                                                         Rows Removed by Index Recheck: 95951
                                                         Heap Blocks: lossy=2179
                                                         Buffers: shared hit=2180 read=1
                                                         ->  Bitmap Index Scan on supplier_s_nationkey_s_suppkey_brin_idx  (cost=0.00..42.00 rows=4000 width=0) (actual time=0.290..0.290 rows=23040 loops=1)
                                                               Index Cond: (s_nationkey = nation.n_nationkey)
                                                               Buffers: shared hit=1 read=1
                                 ->  Index Scan using pk_orders on orders  (cost=0.43..0.52 rows=1 width=4) (actual time=0.004..0.004 rows=0 loops=1535759)
                                       Index Cond: (o_orderkey = l1.l_orderkey)
                                       Filter: (o_orderstatus = 'F'::bpchar)
                                       Rows Removed by Filter: 1
                                       Buffers: shared hit=6140361 read=11146 written=172
                           ->  Index Scan using pk_lineitem on lineitem l2  (cost=0.56..1.15 rows=15 width=8) (actual time=0.005..0.005 rows=1 loops=742278)
                                 Index Cond: (l_orderkey = l1.l_orderkey)
                                 Filter: (l_suppkey <> l1.l_suppkey)
                                 Rows Removed by Filter: 0
                                 Buffers: shared hit=3681585 read=35414 written=213
                     ->  Index Scan using pk_lineitem on lineitem l3  (cost=0.56..1.15 rows=5 width=8) (actual time=0.003..0.003 rows=1 loops=715261)
                           Index Cond: (l_orderkey = l1.l_orderkey)
                           Filter: ((l_receiptdate > l_commitdate) AND (l_suppkey <> l1.l_suppkey))
                           Rows Removed by Filter: 1
                           Buffers: shared hit=3590511 read=1100 written=32
 Planning time: 9.483 ms
 Execution time: 38972.178 ms
(57 rows)

COMMIT;
COMMIT
