BEGIN;
BEGIN
EXPLAIN (ANALYZE, BUFFERS)
select
	c_custkey,
	c_name,
	sum(l_extendedprice * (1 - l_discount)) as revenue,
	c_acctbal,
	n_name,
	c_address,
	c_phone,
	c_comment
from
	customer,
	orders,
	lineitem,
	nation
where
	c_custkey = o_custkey
	and l_orderkey = o_orderkey
	and o_orderdate >= date '1994-03-01'
	and o_orderdate < cast(date '1994-03-01' + interval '3 month' as date)
	and l_returnflag = 'R'
	and c_nationkey = n_nationkey
group by
	c_custkey,
	c_name,
	c_acctbal,
	c_phone,
	n_name,
	c_address,
	c_comment
order by
	revenue desc
LIMIT 20;
                                                                                               QUERY PLAN                                                                                                
---------------------------------------------------------------------------------------------------------------------------------------------------------------------------------------------------------
 Limit  (cost=2296168.70..2296168.75 rows=20 width=176) (actual time=30664.504..30664.510 rows=20 loops=1)
   Buffers: shared hit=810001 read=558463 written=172
   ->  Sort  (cost=2296168.70..2297607.02 rows=575329 width=176) (actual time=30664.501..30664.505 rows=20 loops=1)
         Sort Key: (sum((lineitem.l_extendedprice * (1::double precision - lineitem.l_discount))))
         Sort Method: top-N heapsort  Memory: 30kB
         Buffers: shared hit=810001 read=558463 written=172
         ->  HashAggregate  (cost=2275106.11..2280859.40 rows=575329 width=176) (actual time=30336.153..30526.770 rows=381151 loops=1)
               Group Key: customer.c_custkey, customer.c_name, customer.c_acctbal, customer.c_phone, nation.n_name, customer.c_address, customer.c_comment
               Buffers: shared hit=809998 read=558463 written=172
               ->  Hash Join  (cost=347132.53..2260722.88 rows=575329 width=176) (actual time=6927.650..28407.818 rows=1147676 loops=1)
                     Hash Cond: (customer.c_nationkey = nation.n_nationkey)
                     Buffers: shared hit=809998 read=558463 written=172
                     ->  Hash Join  (cost=347130.97..2252810.55 rows=575329 width=154) (actual time=6927.623..28000.765 rows=1147676 loops=1)
                           Hash Cond: (orders.o_custkey = customer.c_custkey)
                           Buffers: shared hit=809997 read=558463 written=172
                           ->  Hash Join  (cost=278102.97..2175152.61 rows=575329 width=12) (actual time=5335.580..25714.977 rows=1147676 loops=1)
                                 Hash Cond: (lineitem.l_orderkey = orders.o_orderkey)
                                 Buffers: shared hit=809995 read=523187 written=101
                                 ->  Seq Scan on lineitem  (cost=0.00..1835177.86 rows=14964930 width=12) (actual time=0.014..17389.089 rows=14807792 loops=1)
                                       Filter: (l_returnflag = 'R'::bpchar)
                                       Rows Removed by Filter: 45177034
                                       Buffers: shared hit=601813 read=475304
                                 ->  Hash  (cost=270815.23..270815.23 rows=583019 width=8) (actual time=5332.209..5332.209 rows=573132 loops=1)
                                       Buckets: 1048576  Batches: 1  Memory Usage: 30580kB
                                       Buffers: shared hit=208182 read=47883 written=101
                                       ->  Bitmap Heap Scan on orders  (cost=6015.95..270815.23 rows=583019 width=8) (actual time=28.365..5141.148 rows=573132 loops=1)
                                             Recheck Cond: ((o_orderdate >= '1994-03-01'::date) AND (o_orderdate < '1994-06-01'::date))
                                             Rows Removed by Index Recheck: 14426868
                                             Heap Blocks: lossy=256054
                                             Buffers: shared hit=208182 read=47883 written=101
                                             ->  Bitmap Index Scan on orders_o_orderdate_o_orderkey_brin_idx  (cost=0.00..5870.19 rows=583019 width=0) (actual time=28.186..28.186 rows=2561280 loops=1)
                                                   Index Cond: ((o_orderdate >= '1994-03-01'::date) AND (o_orderdate < '1994-06-01'::date))
                                                   Buffers: shared hit=2 read=9
                           ->  Hash  (cost=50278.00..50278.00 rows=1500000 width=146) (actual time=1585.867..1585.867 rows=1500000 loops=1)
                                 Buckets: 2097152  Batches: 1  Memory Usage: 281501kB
                                 Buffers: shared hit=2 read=35276 written=71
                                 ->  Seq Scan on customer  (cost=0.00..50278.00 rows=1500000 width=146) (actual time=0.006..796.846 rows=1500000 loops=1)
                                       Buffers: shared hit=2 read=35276 written=71
                     ->  Hash  (cost=1.25..1.25 rows=25 width=30) (actual time=0.017..0.017 rows=25 loops=1)
                           Buckets: 1024  Batches: 1  Memory Usage: 10kB
                           Buffers: shared hit=1
                           ->  Seq Scan on nation  (cost=0.00..1.25 rows=25 width=30) (actual time=0.003..0.009 rows=25 loops=1)
                                 Buffers: shared hit=1
 Planning time: 4.231 ms
 Execution time: 30673.159 ms
(45 rows)

COMMIT;
COMMIT
