BEGIN;
BEGIN
EXPLAIN (ANALYZE, BUFFERS)
select
	s_name,
	count(*) as numwait
from
	supplier,
	lineitem l1,
	orders,
	nation
where
	s_suppkey = l1.l_suppkey
	and o_orderkey = l1.l_orderkey
	and o_orderstatus = 'F'
	and l1.l_receiptdate > l1.l_commitdate
	and exists (
		select
			*
		from
			lineitem l2
		where
			l2.l_orderkey = l1.l_orderkey
			and l2.l_suppkey <> l1.l_suppkey
	)
	and not exists (
		select
			*
		from
			lineitem l3
		where
			l3.l_orderkey = l1.l_orderkey
			and l3.l_suppkey <> l1.l_suppkey
			and l3.l_receiptdate > l3.l_commitdate
	)
	and s_nationkey = n_nationkey
	and n_name = 'VIETNAM'
group by
	s_name
order by
	numwait desc,
	s_name
LIMIT 100;
                                                                                                  QUERY PLAN                                                                                                  
--------------------------------------------------------------------------------------------------------------------------------------------------------------------------------------------------------------
 Limit  (cost=2845725.56..2845725.57 rows=1 width=26) (actual time=38074.530..38074.547 rows=100 loops=1)
   Buffers: shared hit=14176876 read=140950 dirtied=433 written=1019
   ->  Sort  (cost=2845725.56..2845725.57 rows=1 width=26) (actual time=38074.529..38074.534 rows=100 loops=1)
         Sort Key: (count(*)), supplier.s_name
         Sort Method: top-N heapsort  Memory: 32kB
         Buffers: shared hit=14176876 read=140950 dirtied=433 written=1019
         ->  HashAggregate  (cost=2845725.54..2845725.55 rows=1 width=26) (actual time=38072.347..38073.423 rows=3987 loops=1)
               Group Key: supplier.s_name
               Buffers: shared hit=14176868 read=140950 dirtied=433 written=1019
               ->  Nested Loop Anti Join  (cost=2406.88..2845725.54 rows=1 width=26) (actual time=55.301..38022.371 rows=39261 loops=1)
                     Buffers: shared hit=14176868 read=140950 dirtied=433 written=1019
                     ->  Nested Loop Semi Join  (cost=2406.31..2845723.76 rows=1 width=34) (actual time=54.062..35104.171 rows=703732 loops=1)
                           Join Filter: (orders.o_orderkey = l2.l_orderkey)
                           Buffers: shared hit=10643593 read=140512 dirtied=433 written=1016
                           ->  Nested Loop  (cost=2405.75..2323952.98 rows=390528 width=38) (actual time=54.046..30674.706 rows=730212 loops=1)
                                 Buffers: shared hit=7013129 read=114363 dirtied=433 written=531
                                 ->  Hash Join  (cost=2405.31..1902511.12 rows=800608 width=34) (actual time=54.028..23217.672 rows=1512617 loops=1)
                                       Hash Cond: (l1.l_suppkey = supplier.s_suppkey)
                                       Buffers: shared hit=996281 read=72377 dirtied=432 written=344
                                       ->  Seq Scan on lineitem l1  (cost=0.00..1817042.75 rows=20015193 width=8) (actual time=0.003..17009.563 rows=37928797 loops=1)
                                             Filter: (l_receiptdate > l_commitdate)
                                             Rows Removed by Filter: 22056532
                                             Buffers: shared hit=995069 read=71404 dirtied=432 written=344
                                       ->  Hash  (cost=2355.31..2355.31 rows=4000 width=30) (actual time=53.990..53.990 rows=3987 loops=1)
                                             Buckets: 4096  Batches: 1  Memory Usage: 282kB
                                             Buffers: shared hit=1209 read=973
                                             ->  Nested Loop  (cost=43.00..2355.31 rows=4000 width=30) (actual time=0.272..52.502 rows=3987 loops=1)
                                                   Buffers: shared hit=1209 read=973
                                                   ->  Seq Scan on nation  (cost=0.00..1.31 rows=1 width=4) (actual time=0.006..0.009 rows=1 loops=1)
                                                         Filter: (n_name = 'VIETNAM'::bpchar)
                                                         Rows Removed by Filter: 24
                                                         Buffers: shared hit=1
                                                   ->  Bitmap Heap Scan on supplier  (cost=43.00..2314.00 rows=4000 width=34) (actual time=0.257..51.615 rows=3987 loops=1)
                                                         Recheck Cond: (s_nationkey = nation.n_nationkey)
                                                         Rows Removed by Index Recheck: 96013
                                                         Heap Blocks: lossy=2179
                                                         Buffers: shared hit=1208 read=973
                                                         ->  Bitmap Index Scan on supplier_s_nationkey_s_suppkey_brin_idx  (cost=0.00..42.00 rows=4000 width=0) (actual time=0.239..0.239 rows=23040 loops=1)
                                                               Index Cond: (s_nationkey = nation.n_nationkey)
                                                               Buffers: shared hit=2
                                 ->  Index Scan using pk_orders on orders  (cost=0.43..0.52 rows=1 width=4) (actual time=0.004..0.004 rows=0 loops=1512617)
                                       Index Cond: (o_orderkey = l1.l_orderkey)
                                       Filter: (o_orderstatus = 'F'::bpchar)
                                       Rows Removed by Filter: 1
                                       Buffers: shared hit=6016848 read=41986 dirtied=1 written=187
                           ->  Index Scan using pk_lineitem on lineitem l2  (cost=0.56..1.15 rows=15 width=8) (actual time=0.005..0.005 rows=1 loops=730212)
                                 Index Cond: (l_orderkey = l1.l_orderkey)
                                 Filter: (l_suppkey <> l1.l_suppkey)
                                 Rows Removed by Filter: 0
                                 Buffers: shared hit=3630464 read=26149 written=485
                     ->  Index Scan using pk_lineitem on lineitem l3  (cost=0.56..1.15 rows=5 width=8) (actual time=0.004..0.004 rows=1 loops=703732)
                           Index Cond: (l_orderkey = l1.l_orderkey)
                           Filter: ((l_receiptdate > l_commitdate) AND (l_suppkey <> l1.l_suppkey))
                           Rows Removed by Filter: 1
                           Buffers: shared hit=3533275 read=438 written=3
 Planning time: 8.190 ms
 Execution time: 38074.822 ms
(57 rows)

COMMIT;
COMMIT
