BEGIN;
BEGIN
EXPLAIN (ANALYZE, BUFFERS)
select
	c_custkey,
	c_name,
	sum(l_extendedprice * (1 - l_discount)) as revenue,
	c_acctbal,
	n_name,
	c_address,
	c_phone,
	c_comment
from
	customer,
	orders,
	lineitem,
	nation
where
	c_custkey = o_custkey
	and l_orderkey = o_orderkey
	and o_orderdate >= date '1994-06-01'
	and o_orderdate < cast(date '1994-06-01' + interval '3 month' as date)
	and l_returnflag = 'R'
	and c_nationkey = n_nationkey
group by
	c_custkey,
	c_name,
	c_acctbal,
	c_phone,
	n_name,
	c_address,
	c_comment
order by
	revenue desc
LIMIT 20;
                                                                                               QUERY PLAN                                                                                                
---------------------------------------------------------------------------------------------------------------------------------------------------------------------------------------------------------
 Limit  (cost=2296069.16..2296069.21 rows=20 width=176) (actual time=31822.246..31822.252 rows=20 loops=1)
   Buffers: shared hit=861276 read=507188 dirtied=738 written=23
   ->  Sort  (cost=2296069.16..2297505.68 rows=574611 width=176) (actual time=31822.243..31822.248 rows=20 loops=1)
         Sort Key: (sum((lineitem.l_extendedprice * (1::double precision - lineitem.l_discount))))
         Sort Method: top-N heapsort  Memory: 30kB
         Buffers: shared hit=861276 read=507188 dirtied=738 written=23
         ->  HashAggregate  (cost=2275032.85..2280778.96 rows=574611 width=176) (actual time=31491.513..31683.601 rows=381721 loops=1)
               Group Key: customer.c_custkey, customer.c_name, customer.c_acctbal, customer.c_phone, nation.n_name, customer.c_address, customer.c_comment
               Buffers: shared hit=861273 read=507188 dirtied=738 written=23
               ->  Hash Join  (cost=347105.05..2260667.58 rows=574611 width=176) (actual time=7589.594..29511.929 rows=1148326 loops=1)
                     Hash Cond: (customer.c_nationkey = nation.n_nationkey)
                     Buffers: shared hit=861273 read=507188 dirtied=738 written=23
                     ->  Hash Join  (cost=347103.49..2252765.11 rows=574611 width=154) (actual time=7589.564..29109.875 rows=1148326 loops=1)
                           Hash Cond: (orders.o_custkey = customer.c_custkey)
                           Buffers: shared hit=861272 read=507188 dirtied=738 written=23
                           ->  Hash Join  (cost=278075.49..2175117.95 rows=574611 width=12) (actual time=6262.831..26935.698 rows=1148326 loops=1)
                                 Hash Cond: (lineitem.l_orderkey = orders.o_orderkey)
                                 Buffers: shared hit=826062 read=507120 dirtied=738 written=23
                                 ->  Seq Scan on lineitem  (cost=0.00..1835177.86 rows=14964930 width=12) (actual time=0.012..17331.803 rows=14807792 loops=1)
                                       Filter: (l_returnflag = 'R'::bpchar)
                                       Rows Removed by Filter: 45177034
                                       Buffers: shared hit=647475 read=429642 dirtied=738 written=6
                                 ->  Hash  (cost=270796.85..270796.85 rows=582291 width=8) (actual time=6259.464..6259.464 rows=574145 loops=1)
                                       Buckets: 1048576  Batches: 1  Memory Usage: 30620kB
                                       Buffers: shared hit=178587 read=77478 written=17
                                       ->  Bitmap Heap Scan on orders  (cost=6008.49..270796.85 rows=582291 width=8) (actual time=27.882..6032.094 rows=574145 loops=1)
                                             Recheck Cond: ((o_orderdate >= '1994-06-01'::date) AND (o_orderdate < '1994-09-01'::date))
                                             Rows Removed by Index Recheck: 14425855
                                             Heap Blocks: lossy=256054
                                             Buffers: shared hit=178587 read=77478 written=17
                                             ->  Bitmap Index Scan on orders_o_orderdate_o_orderkey_brin_idx  (cost=0.00..5862.91 rows=582291 width=0) (actual time=27.719..27.719 rows=2561280 loops=1)
                                                   Index Cond: ((o_orderdate >= '1994-06-01'::date) AND (o_orderdate < '1994-09-01'::date))
                                                   Buffers: shared hit=2 read=9
                           ->  Hash  (cost=50278.00..50278.00 rows=1500000 width=146) (actual time=1320.572..1320.572 rows=1500000 loops=1)
                                 Buckets: 2097152  Batches: 1  Memory Usage: 281501kB
                                 Buffers: shared hit=35210 read=68
                                 ->  Seq Scan on customer  (cost=0.00..50278.00 rows=1500000 width=146) (actual time=0.007..545.423 rows=1500000 loops=1)
                                       Buffers: shared hit=35210 read=68
                     ->  Hash  (cost=1.25..1.25 rows=25 width=30) (actual time=0.018..0.018 rows=25 loops=1)
                           Buckets: 1024  Batches: 1  Memory Usage: 10kB
                           Buffers: shared hit=1
                           ->  Seq Scan on nation  (cost=0.00..1.25 rows=25 width=30) (actual time=0.004..0.007 rows=25 loops=1)
                                 Buffers: shared hit=1
 Planning time: 4.173 ms
 Execution time: 31832.238 ms
(45 rows)

COMMIT;
COMMIT
