BEGIN;
BEGIN
EXPLAIN (ANALYZE, BUFFERS)
select
	c_custkey,
	c_name,
	sum(l_extendedprice * (1 - l_discount)) as revenue,
	c_acctbal,
	n_name,
	c_address,
	c_phone,
	c_comment
from
	customer,
	orders,
	lineitem,
	nation
where
	c_custkey = o_custkey
	and l_orderkey = o_orderkey
	and o_orderdate >= date '1993-11-01'
	and o_orderdate < cast(date '1993-11-01' + interval '3 month' as date)
	and l_returnflag = 'R'
	and c_nationkey = n_nationkey
group by
	c_custkey,
	c_name,
	c_acctbal,
	c_phone,
	n_name,
	c_address,
	c_comment
order by
	revenue desc
LIMIT 20;
                                                                                               QUERY PLAN                                                                                                
---------------------------------------------------------------------------------------------------------------------------------------------------------------------------------------------------------
 Limit  (cost=2278545.68..2278545.73 rows=20 width=176) (actual time=30513.320..30513.325 rows=20 loops=1)
   Buffers: shared hit=1154852 read=203074 written=2
   ->  Sort  (cost=2278545.68..2279972.27 rows=570635 width=176) (actual time=30513.317..30513.321 rows=20 loops=1)
         Sort Key: (sum((lineitem.l_extendedprice * (1::double precision - lineitem.l_discount))))
         Sort Method: top-N heapsort  Memory: 30kB
         Buffers: shared hit=1154852 read=203074 written=2
         ->  HashAggregate  (cost=2257654.94..2263361.29 rows=570635 width=176) (actual time=30174.525..30374.509 rows=381524 loops=1)
               Group Key: customer.c_custkey, customer.c_name, customer.c_acctbal, customer.c_phone, nation.n_name, customer.c_address, customer.c_comment
               Buffers: shared hit=1154849 read=203074 written=2
               ->  Hash Join  (cost=344926.72..2243389.06 rows=570635 width=176) (actual time=7692.064..28284.900 rows=1148074 loops=1)
                     Hash Cond: (customer.c_nationkey = nation.n_nationkey)
                     Buffers: shared hit=1154849 read=203074 written=2
                     ->  Hash Join  (cost=344925.16..2235541.27 rows=570635 width=154) (actual time=7692.034..27889.556 rows=1148074 loops=1)
                           Hash Cond: (orders.o_custkey = customer.c_custkey)
                           Buffers: shared hit=1154848 read=203074 written=2
                           ->  Hash Join  (cost=275897.16..2157953.74 rows=570635 width=12) (actual time=6379.582..25746.120 rows=1148074 loops=1)
                                 Hash Cond: (lineitem.l_orderkey = orders.o_orderkey)
                                 Buffers: shared hit=1119570 read=203074 written=2
                                 ->  Seq Scan on lineitem  (cost=0.00..1820675.23 rows=14846668 width=12) (actual time=0.017..16323.912 rows=14823192 loops=1)
                                       Filter: (l_returnflag = 'R'::bpchar)
                                       Rows Removed by Filter: 45222187
                                       Buffers: shared hit=985705 read=82900 written=1
                                 ->  Hash  (cost=268668.96..268668.96 rows=578256 width=8) (actual time=6374.897..6374.897 rows=574043 loops=1)
                                       Buckets: 1048576  Batches: 1  Memory Usage: 30616kB
                                       Buffers: shared hit=133865 read=120174 written=1
                                       ->  Bitmap Heap Scan on orders  (cost=5967.12..268668.96 rows=578256 width=8) (actual time=27.599..6151.079 rows=574043 loops=1)
                                             Recheck Cond: ((o_orderdate >= '1993-11-01'::date) AND (o_orderdate < '1994-02-01'::date))
                                             Rows Removed by Index Recheck: 14440957
                                             Heap Blocks: lossy=254028
                                             Buffers: shared hit=133865 read=120174 written=1
                                             ->  Bitmap Index Scan on orders_o_orderdate_o_orderkey_brin_idx  (cost=0.00..5822.56 rows=578256 width=0) (actual time=27.436..27.436 rows=2540800 loops=1)
                                                   Index Cond: ((o_orderdate >= '1993-11-01'::date) AND (o_orderdate < '1994-02-01'::date))
                                                   Buffers: shared hit=3 read=8
                           ->  Hash  (cost=50278.00..50278.00 rows=1500000 width=146) (actual time=1306.296..1306.296 rows=1500000 loops=1)
                                 Buckets: 2097152  Batches: 1  Memory Usage: 281501kB
                                 Buffers: shared hit=35278
                                 ->  Seq Scan on customer  (cost=0.00..50278.00 rows=1500000 width=146) (actual time=0.009..533.525 rows=1500000 loops=1)
                                       Buffers: shared hit=35278
                     ->  Hash  (cost=1.25..1.25 rows=25 width=30) (actual time=0.019..0.019 rows=25 loops=1)
                           Buckets: 1024  Batches: 1  Memory Usage: 10kB
                           Buffers: shared hit=1
                           ->  Seq Scan on nation  (cost=0.00..1.25 rows=25 width=30) (actual time=0.005..0.009 rows=25 loops=1)
                                 Buffers: shared hit=1
 Planning time: 3.701 ms
 Execution time: 30522.966 ms
(45 rows)

COMMIT;
COMMIT
