BEGIN;
BEGIN
EXPLAIN (ANALYZE, BUFFERS)
select
	l_shipmode,
	sum(case
		when o_orderpriority = '1-URGENT'
			or o_orderpriority = '2-HIGH'
			then 1
		else 0
	end) as high_line_count,
	sum(case
		when o_orderpriority <> '1-URGENT'
			and o_orderpriority <> '2-HIGH'
			then 1
		else 0
	end) as low_line_count
from
	orders,
	lineitem
where
	o_orderkey = l_orderkey
	and l_shipmode in ('MAIL', 'SHIP')
	and l_commitdate < l_receiptdate
	and l_shipdate < l_commitdate
	and l_receiptdate >= date '1997-01-01'
	and l_receiptdate < date '1997-01-01' + interval '1 year'
group by
	l_shipmode
order by
	l_shipmode;
                                                                                                                            QUERY PLAN                                                                                                                            
------------------------------------------------------------------------------------------------------------------------------------------------------------------------------------------------------------------------------------------------------------------
 Sort  (cost=3043963.67..3043963.67 rows=1 width=27) (actual time=33648.958..33648.958 rows=2 loops=1)
   Sort Key: lineitem.l_shipmode
   Sort Method: quicksort  Memory: 25kB
   Buffers: shared hit=740370 read=588848 written=55
   ->  HashAggregate  (cost=3043963.65..3043963.66 rows=1 width=27) (actual time=33648.913..33648.913 rows=2 loops=1)
         Group Key: lineitem.l_shipmode
         Buffers: shared hit=740365 read=588848 written=55
         ->  Hash Join  (cost=595494.80..3038901.88 rows=289244 width=27) (actual time=8892.383..33335.102 rows=311546 loops=1)
               Hash Cond: (lineitem.l_orderkey = orders.o_orderkey)
               Buffers: shared hit=740365 read=588848 written=55
               ->  Seq Scan on lineitem  (cost=0.00..2434368.21 rows=289244 width=15) (actual time=0.163..24141.784 rows=311546 loops=1)
                     Filter: ((l_shipmode = ANY ('{MAIL,SHIP}'::bpchar[])) AND (l_commitdate < l_receiptdate) AND (l_shipdate < l_commitdate) AND (l_receiptdate >= '1997-01-01'::date) AND (l_receiptdate < '1998-01-01 00:00:00'::timestamp without time zone))
                     Rows Removed by Filter: 59733118
                     Buffers: shared hit=542194 read=531721 written=1
               ->  Hash  (cost=406494.91..406494.91 rows=15119991 width=20) (actual time=8846.679..8846.679 rows=15015000 loops=1)
                     Buckets: 16777216  Batches: 1  Memory Usage: 893553kB
                     Buffers: shared hit=198168 read=57127 written=54
                     ->  Seq Scan on orders  (cost=0.00..406494.91 rows=15119991 width=20) (actual time=0.010..4447.226 rows=15015000 loops=1)
                           Buffers: shared hit=198168 read=57127 written=54
 Planning time: 2.423 ms
 Execution time: 33653.185 ms
(21 rows)

COMMIT;
COMMIT
