BEGIN;
BEGIN
EXPLAIN (ANALYZE, BUFFERS)
select
	s_name,
	count(*) as numwait
from
	supplier,
	lineitem l1,
	orders,
	nation
where
	s_suppkey = l1.l_suppkey
	and o_orderkey = l1.l_orderkey
	and o_orderstatus = 'F'
	and l1.l_receiptdate > l1.l_commitdate
	and exists (
		select
			*
		from
			lineitem l2
		where
			l2.l_orderkey = l1.l_orderkey
			and l2.l_suppkey <> l1.l_suppkey
	)
	and not exists (
		select
			*
		from
			lineitem l3
		where
			l3.l_orderkey = l1.l_orderkey
			and l3.l_suppkey <> l1.l_suppkey
			and l3.l_receiptdate > l3.l_commitdate
	)
	and s_nationkey = n_nationkey
	and n_name = 'SAUDI ARABIA'
group by
	s_name
order by
	numwait desc,
	s_name
LIMIT 100;
                                                                                                  QUERY PLAN                                                                                                  
--------------------------------------------------------------------------------------------------------------------------------------------------------------------------------------------------------------
 Limit  (cost=2874276.40..2874276.41 rows=1 width=26) (actual time=39345.609..39345.626 rows=100 loops=1)
   Buffers: shared hit=13868302 read=536940 written=22
   ->  Sort  (cost=2874276.40..2874276.41 rows=1 width=26) (actual time=39345.608..39345.615 rows=100 loops=1)
         Sort Key: (count(*)), supplier.s_name
         Sort Method: top-N heapsort  Memory: 32kB
         Buffers: shared hit=13868302 read=536940 written=22
         ->  HashAggregate  (cost=2874276.38..2874276.39 rows=1 width=26) (actual time=39343.157..39344.462 rows=4009 loops=1)
               Group Key: supplier.s_name
               Buffers: shared hit=13868294 read=536940 written=22
               ->  Nested Loop Anti Join  (cost=2406.88..2874276.38 rows=1 width=26) (actual time=35.705..39291.014 rows=39441 loops=1)
                     Buffers: shared hit=13868294 read=536940 written=22
                     ->  Nested Loop Semi Join  (cost=2406.31..2874274.59 rows=1 width=34) (actual time=34.411..36428.595 rows=707395 loops=1)
                           Join Filter: (orders.o_orderkey = l2.l_orderkey)
                           Buffers: shared hit=10318179 read=535130 written=22
                           ->  Nested Loop  (cost=2405.75..2347189.19 rows=394426 width=38) (actual time=34.365..31857.943 rows=734363 loops=1)
                                 Buffers: shared hit=6735998 read=440012 written=4
                                 ->  Hash Join  (cost=2405.31..1921475.24 rows=808598 width=34) (actual time=34.199..24638.995 rows=1522153 loops=1)
                                       Hash Cond: (l1.l_suppkey = supplier.s_suppkey)
                                       Buffers: shared hit=663437 read=415865
                                       ->  Seq Scan on lineitem l1  (cost=0.00..1835177.86 rows=20214956 width=8) (actual time=0.012..18305.301 rows=37927978 loops=1)
                                             Filter: (l_receiptdate > l_commitdate)
                                             Rows Removed by Filter: 22056848
                                             Buffers: shared hit=661253 read=415864
                                       ->  Hash  (cost=2355.31..2355.31 rows=4000 width=30) (actual time=34.141..34.141 rows=4010 loops=1)
                                             Buckets: 4096  Batches: 1  Memory Usage: 283kB
                                             Buffers: shared hit=2181 read=1
                                             ->  Nested Loop  (cost=43.00..2355.31 rows=4000 width=30) (actual time=0.326..33.033 rows=4010 loops=1)
                                                   Buffers: shared hit=2181 read=1
                                                   ->  Seq Scan on nation  (cost=0.00..1.31 rows=1 width=4) (actual time=0.007..0.010 rows=1 loops=1)
                                                         Filter: (n_name = 'SAUDI ARABIA'::bpchar)
                                                         Rows Removed by Filter: 24
                                                         Buffers: shared hit=1
                                                   ->  Bitmap Heap Scan on supplier  (cost=43.00..2314.00 rows=4000 width=34) (actual time=0.312..32.358 rows=4010 loops=1)
                                                         Recheck Cond: (s_nationkey = nation.n_nationkey)
                                                         Rows Removed by Index Recheck: 95990
                                                         Heap Blocks: lossy=2179
                                                         Buffers: shared hit=2180 read=1
                                                         ->  Bitmap Index Scan on supplier_s_nationkey_s_suppkey_brin_idx  (cost=0.00..42.00 rows=4000 width=0) (actual time=0.272..0.272 rows=23040 loops=1)
                                                               Index Cond: (s_nationkey = nation.n_nationkey)
                                                               Buffers: shared hit=1 read=1
                                 ->  Index Scan using pk_orders on orders  (cost=0.43..0.52 rows=1 width=4) (actual time=0.004..0.004 rows=0 loops=1522153)
                                       Index Cond: (o_orderkey = l1.l_orderkey)
                                       Filter: (o_orderstatus = 'F'::bpchar)
                                       Rows Removed by Filter: 1
                                       Buffers: shared hit=6072561 read=24147 written=4
                           ->  Index Scan using pk_lineitem on lineitem l2  (cost=0.56..1.15 rows=15 width=8) (actual time=0.006..0.006 rows=1 loops=734363)
                                 Index Cond: (l_orderkey = l1.l_orderkey)
                                 Filter: (l_suppkey <> l1.l_suppkey)
                                 Rows Removed by Filter: 0
                                 Buffers: shared hit=3582181 read=95118 written=18
                     ->  Index Scan using pk_lineitem on lineitem l3  (cost=0.56..1.15 rows=5 width=8) (actual time=0.004..0.004 rows=1 loops=707395)
                           Index Cond: (l_orderkey = l1.l_orderkey)
                           Filter: ((l_receiptdate > l_commitdate) AND (l_suppkey <> l1.l_suppkey))
                           Rows Removed by Filter: 1
                           Buffers: shared hit=3550115 read=1810
 Planning time: 8.974 ms
 Execution time: 39345.945 ms
(57 rows)

COMMIT;
COMMIT
