BEGIN;
BEGIN
EXPLAIN (ANALYZE, BUFFERS)
select
	c_custkey,
	c_name,
	sum(l_extendedprice * (1 - l_discount)) as revenue,
	c_acctbal,
	n_name,
	c_address,
	c_phone,
	c_comment
from
	customer,
	orders,
	lineitem,
	nation
where
	c_custkey = o_custkey
	and l_orderkey = o_orderkey
	and o_orderdate >= date '1993-09-01'
	and o_orderdate < cast(date '1993-09-01' + interval '3 month' as date)
	and l_returnflag = 'R'
	and c_nationkey = n_nationkey
group by
	c_custkey,
	c_name,
	c_acctbal,
	c_phone,
	n_name,
	c_address,
	c_comment
order by
	revenue desc
LIMIT 20;
                                                                                               QUERY PLAN                                                                                                
---------------------------------------------------------------------------------------------------------------------------------------------------------------------------------------------------------
 Limit  (cost=2295803.28..2295803.33 rows=20 width=176) (actual time=30744.692..30744.699 rows=20 loops=1)
   Buffers: shared hit=885552 read=482912 dirtied=265 written=42
   ->  Sort  (cost=2295803.28..2297235.01 rows=572693 width=176) (actual time=30744.689..30744.692 rows=20 loops=1)
         Sort Key: (sum((lineitem.l_extendedprice * (1::double precision - lineitem.l_discount))))
         Sort Method: top-N heapsort  Memory: 30kB
         Buffers: shared hit=885552 read=482912 dirtied=265 written=42
         ->  HashAggregate  (cost=2274837.19..2280564.12 rows=572693 width=176) (actual time=30418.695..30607.589 rows=378572 loops=1)
               Group Key: customer.c_custkey, customer.c_name, customer.c_acctbal, customer.c_phone, nation.n_name, customer.c_address, customer.c_comment
               Buffers: shared hit=885549 read=482912 dirtied=265 written=42
               ->  Hash Join  (cost=347031.66..2260519.87 rows=572693 width=176) (actual time=7061.956..28468.020 rows=1135162 loops=1)
                     Hash Cond: (customer.c_nationkey = nation.n_nationkey)
                     Buffers: shared hit=885549 read=482912 dirtied=265 written=42
                     ->  Hash Join  (cost=347030.10..2252643.77 rows=572693 width=154) (actual time=7061.927..28069.292 rows=1135162 loops=1)
                           Hash Cond: (orders.o_custkey = customer.c_custkey)
                           Buffers: shared hit=885548 read=482912 dirtied=265 written=42
                           ->  Hash Join  (cost=278002.10..2175025.38 rows=572693 width=12) (actual time=5515.573..25768.077 rows=1135162 loops=1)
                                 Hash Cond: (lineitem.l_orderkey = orders.o_orderkey)
                                 Buffers: shared hit=872002 read=461180 dirtied=265 written=42
                                 ->  Seq Scan on lineitem  (cost=0.00..1835177.86 rows=14964930 width=12) (actual time=0.012..17272.942 rows=14807792 loops=1)
                                       Filter: (l_returnflag = 'R'::bpchar)
                                       Rows Removed by Filter: 45177034
                                       Buffers: shared hit=661227 read=415890 dirtied=265 written=4
                                 ->  Hash  (cost=270747.76..270747.76 rows=580347 width=8) (actual time=5512.106..5512.106 rows=567399 loops=1)
                                       Buckets: 1048576  Batches: 1  Memory Usage: 30357kB
                                       Buffers: shared hit=210775 read=45290 written=38
                                       ->  Bitmap Heap Scan on orders  (cost=5988.56..270747.76 rows=580347 width=8) (actual time=27.826..5323.051 rows=567399 loops=1)
                                             Recheck Cond: ((o_orderdate >= '1993-09-01'::date) AND (o_orderdate < '1993-12-01'::date))
                                             Rows Removed by Index Recheck: 14432601
                                             Heap Blocks: lossy=256054
                                             Buffers: shared hit=210775 read=45290 written=38
                                             ->  Bitmap Index Scan on orders_o_orderdate_o_orderkey_brin_idx  (cost=0.00..5843.47 rows=580347 width=0) (actual time=27.664..27.664 rows=2561280 loops=1)
                                                   Index Cond: ((o_orderdate >= '1993-09-01'::date) AND (o_orderdate < '1993-12-01'::date))
                                                   Buffers: shared hit=3 read=8
                           ->  Hash  (cost=50278.00..50278.00 rows=1500000 width=146) (actual time=1540.039..1540.039 rows=1500000 loops=1)
                                 Buckets: 2097152  Batches: 1  Memory Usage: 281501kB
                                 Buffers: shared hit=13546 read=21732
                                 ->  Seq Scan on customer  (cost=0.00..50278.00 rows=1500000 width=146) (actual time=0.007..705.102 rows=1500000 loops=1)
                                       Buffers: shared hit=13546 read=21732
                     ->  Hash  (cost=1.25..1.25 rows=25 width=30) (actual time=0.018..0.018 rows=25 loops=1)
                           Buckets: 1024  Batches: 1  Memory Usage: 10kB
                           Buffers: shared hit=1
                           ->  Seq Scan on nation  (cost=0.00..1.25 rows=25 width=30) (actual time=0.005..0.008 rows=25 loops=1)
                                 Buffers: shared hit=1
 Planning time: 3.888 ms
 Execution time: 30754.030 ms
(45 rows)

COMMIT;
COMMIT
