BEGIN;
BEGIN
EXPLAIN (ANALYZE, BUFFERS)
select
	s_name,
	count(*) as numwait
from
	supplier,
	lineitem l1,
	orders,
	nation
where
	s_suppkey = l1.l_suppkey
	and o_orderkey = l1.l_orderkey
	and o_orderstatus = 'F'
	and l1.l_receiptdate > l1.l_commitdate
	and exists (
		select
			*
		from
			lineitem l2
		where
			l2.l_orderkey = l1.l_orderkey
			and l2.l_suppkey <> l1.l_suppkey
	)
	and not exists (
		select
			*
		from
			lineitem l3
		where
			l3.l_orderkey = l1.l_orderkey
			and l3.l_suppkey <> l1.l_suppkey
			and l3.l_receiptdate > l3.l_commitdate
	)
	and s_nationkey = n_nationkey
	and n_name = 'FRANCE'
group by
	s_name
order by
	numwait desc,
	s_name
LIMIT 100;
                                                                                                  QUERY PLAN                                                                                                  
--------------------------------------------------------------------------------------------------------------------------------------------------------------------------------------------------------------
 Limit  (cost=2851443.77..2851443.77 rows=1 width=26) (actual time=39568.709..39568.726 rows=100 loops=1)
   Buffers: shared hit=13796377 read=448404 written=4111
   ->  Sort  (cost=2851443.77..2851443.77 rows=1 width=26) (actual time=39568.707..39568.714 rows=100 loops=1)
         Sort Key: (count(*)), supplier.s_name
         Sort Method: top-N heapsort  Memory: 32kB
         Buffers: shared hit=13796377 read=448404 written=4111
         ->  HashAggregate  (cost=2851443.75..2851443.76 rows=1 width=26) (actual time=39566.402..39567.540 rows=3960 loops=1)
               Group Key: supplier.s_name
               Buffers: shared hit=13796369 read=448404 written=4111
               ->  Nested Loop Anti Join  (cost=2406.88..2851443.74 rows=1 width=26) (actual time=40.312..39513.105 rows=39265 loops=1)
                     Buffers: shared hit=13796369 read=448404 written=4111
                     ->  Nested Loop Semi Join  (cost=2406.31..2851441.96 rows=1 width=34) (actual time=36.917..36729.921 rows=700021 loops=1)
                           Join Filter: (orders.o_orderkey = l2.l_orderkey)
                           Buffers: shared hit=10282699 read=447174 written=4097
                           ->  Nested Loop  (cost=2405.75..2328606.83 rows=391309 width=38) (actual time=36.887..32237.051 rows=726513 loops=1)
                                 Buffers: shared hit=6741693 read=350093 written=3748
                                 ->  Hash Join  (cost=2405.31..1906309.64 rows=802208 width=34) (actual time=36.730..24195.164 rows=1503198 loops=1)
                                       Hash Cond: (l1.l_suppkey = supplier.s_suppkey)
                                       Buffers: shared hit=874408 read=196382 written=31
                                       ->  Seq Scan on lineitem l1  (cost=0.00..1820675.23 rows=20055206 width=8) (actual time=0.014..17780.318 rows=37928885 loops=1)
                                             Filter: (l_receiptdate > l_commitdate)
                                             Rows Removed by Filter: 22056768
                                             Buffers: shared hit=872224 read=196381 written=31
                                       ->  Hash  (cost=2355.31..2355.31 rows=4000 width=30) (actual time=36.671..36.671 rows=3961 loops=1)
                                             Buckets: 4096  Batches: 1  Memory Usage: 280kB
                                             Buffers: shared hit=2181 read=1
                                             ->  Nested Loop  (cost=43.00..2355.31 rows=4000 width=30) (actual time=0.315..35.523 rows=3961 loops=1)
                                                   Buffers: shared hit=2181 read=1
                                                   ->  Seq Scan on nation  (cost=0.00..1.31 rows=1 width=4) (actual time=0.005..0.010 rows=1 loops=1)
                                                         Filter: (n_name = 'FRANCE'::bpchar)
                                                         Rows Removed by Filter: 24
                                                         Buffers: shared hit=1
                                                   ->  Bitmap Heap Scan on supplier  (cost=43.00..2314.00 rows=4000 width=34) (actual time=0.304..34.871 rows=3961 loops=1)
                                                         Recheck Cond: (s_nationkey = nation.n_nationkey)
                                                         Rows Removed by Index Recheck: 96039
                                                         Heap Blocks: lossy=2179
                                                         Buffers: shared hit=2180 read=1
                                                         ->  Bitmap Index Scan on supplier_s_nationkey_s_suppkey_brin_idx  (cost=0.00..42.00 rows=4000 width=0) (actual time=0.264..0.264 rows=23040 loops=1)
                                                               Index Cond: (s_nationkey = nation.n_nationkey)
                                                               Buffers: shared hit=1 read=1
                                 ->  Index Scan using pk_orders on orders  (cost=0.43..0.52 rows=1 width=4) (actual time=0.005..0.005 rows=0 loops=1503198)
                                       Index Cond: (o_orderkey = l1.l_orderkey)
                                       Filter: (o_orderstatus = 'F'::bpchar)
                                       Rows Removed by Filter: 1
                                       Buffers: shared hit=5867285 read=153711 written=3717
                           ->  Index Scan using pk_lineitem on lineitem l2  (cost=0.56..1.15 rows=15 width=8) (actual time=0.005..0.005 rows=1 loops=726513)
                                 Index Cond: (l_orderkey = l1.l_orderkey)
                                 Filter: (l_suppkey <> l1.l_suppkey)
                                 Rows Removed by Filter: 0
                                 Buffers: shared hit=3541006 read=97081 written=349
                     ->  Index Scan using pk_lineitem on lineitem l3  (cost=0.56..1.15 rows=5 width=8) (actual time=0.003..0.003 rows=1 loops=700021)
                           Index Cond: (l_orderkey = l1.l_orderkey)
                           Filter: ((l_receiptdate > l_commitdate) AND (l_suppkey <> l1.l_suppkey))
                           Rows Removed by Filter: 1
                           Buffers: shared hit=3513670 read=1230 written=14
 Planning time: 9.297 ms
 Execution time: 39569.026 ms
(57 rows)

COMMIT;
COMMIT
